This file contains any messages produced by compilers while
running configure, to aid debugging if configure makes a mistake.

It was created by configure, which was
generated by GNU Autoconf 2.61.  Invocation command line was

  $ ./configure --host=arm-linux --with-pcap=linux

## --------- ##
## Platform. ##
## --------- ##

hostname = ubuntu
uname -m = i686
uname -r = 2.6.31-14-generic
uname -s = Linux
uname -v = #48-Ubuntu SMP Fri Oct 16 14:04:26 UTC 2009

/usr/bin/uname -p = unknown
/bin/uname -X     = unknown

/bin/arch              = unknown
/usr/bin/arch -k       = unknown
/usr/convex/getsysinfo = unknown
/usr/bin/hostinfo      = unknown
/bin/machine           = unknown
/usr/bin/oslevel       = unknown
/bin/universe          = unknown

PATH: /usr/local/sbin
PATH: /usr/local/bin
PATH: /usr/sbin
PATH: /usr/bin
PATH: /sbin
PATH: /bin
PATH: /usr/games
PATH: /home/fengqian/CodeSourcery/Sourcery_G++_Lite/bin


## ----------- ##
## Core tests. ##
## ----------- ##

configure:1756: checking build system type
configure:1774: result: i686-pc-linux-gnu
configure:1796: checking host system type
configure:1811: result: arm-unknown-linux-gnu
configure:1915: checking for arm-linux-gcc
configure:1942: result: arm-none-linux-gnueabi-gcc
configure:2220: checking for C compiler version
configure:2227: arm-none-linux-gnueabi-gcc --version >&5
arm-none-linux-gnueabi-gcc (Sourcery G++ Lite 2010q1-202) 4.4.1
Copyright (C) 2009 Free Software Foundation, Inc.
This is free software; see the source for copying conditions.  There is NO
warranty; not even for MERCHANTABILITY or FITNESS FOR A PARTICULAR PURPOSE.

configure:2230: $? = 0
configure:2237: arm-none-linux-gnueabi-gcc -v >&5
Using built-in specs.
Target: arm-none-linux-gnueabi
Configured with: /scratch/julian/2010q1-release-linux-lite/src/gcc-4.4-2010q1/configure --build=i686-pc-linux-gnu --host=i686-pc-linux-gnu --target=arm-none-linux-gnueabi --enable-threads --disable-libmudflap --disable-libssp --disable-libstdcxx-pch --enable-extra-sgxxlite-multilibs --with-arch=armv5te --with-gnu-as --with-gnu-ld --with-specs='%{funwind-tables|fno-unwind-tables|mabi=*|ffreestanding|nostdlib:;:-funwind-tables} %{O2:%{!fno-remove-local-statics: -fremove-local-statics}} %{O*:%{O|O0|O1|O2|Os:;:%{!fno-remove-local-statics: -fremove-local-statics}}}' --enable-languages=c,c++ --enable-shared --disable-lto --enable-symvers=gnu --enable-__cxa_atexit --with-pkgversion='Sourcery G++ Lite 2010q1-202' --with-bugurl=https://support.codesourcery.com/GNUToolchain/ --disable-nls --prefix=/opt/codesourcery --with-sysroot=/opt/codesourcery/arm-none-linux-gnueabi/libc --with-build-sysroot=/scratch/julian/2010q1-release-linux-lite/install/arm-none-linux-gnueabi/libc --with-gmp=/scratch/julian/2010q1-release-linux-lite/obj/host-libs-2010q1-202-arm-none-linux-gnueabi-i686-pc-linux-gnu/usr --with-mpfr=/scratch/julian/2010q1-release-linux-lite/obj/host-libs-2010q1-202-arm-none-linux-gnueabi-i686-pc-linux-gnu/usr --with-ppl=/scratch/julian/2010q1-release-linux-lite/obj/host-libs-2010q1-202-arm-none-linux-gnueabi-i686-pc-linux-gnu/usr --with-host-libstdcxx='-static-libgcc -Wl,-Bstatic,-lstdc++,-Bdynamic -lm' --with-cloog=/scratch/julian/2010q1-release-linux-lite/obj/host-libs-2010q1-202-arm-none-linux-gnueabi-i686-pc-linux-gnu/usr --disable-libgomp --enable-poison-system-directories --with-build-time-tools=/scratch/julian/2010q1-release-linux-lite/install/arm-none-linux-gnueabi/bin --with-build-time-tools=/scratch/julian/2010q1-release-linux-lite/install/arm-none-linux-gnueabi/bin
Thread model: posix
gcc version 4.4.1 (Sourcery G++ Lite 2010q1-202) 
configure:2240: $? = 0
configure:2247: arm-none-linux-gnueabi-gcc -V >&5
arm-none-linux-gnueabi-gcc: '-V' option must have argument
configure:2250: $? = 1
configure:2273: checking for C compiler default output file name
configure:2300: arm-none-linux-gnueabi-gcc    conftest.c  >&5
configure:2303: $? = 0
configure:2341: result: a.out
configure:2358: checking whether the C compiler works
configure:2368: ./a.out
./configure: line 2369: ./a.out: cannot execute binary file
configure:2371: $? = 126
configure:2388: result: yes
configure:2395: checking whether we are cross compiling
configure:2397: result: yes
configure:2400: checking for suffix of executables
configure:2407: arm-none-linux-gnueabi-gcc -o conftest    conftest.c  >&5
configure:2410: $? = 0
configure:2434: result: 
configure:2440: checking for suffix of object files
configure:2466: arm-none-linux-gnueabi-gcc -c   conftest.c >&5
configure:2469: $? = 0
configure:2492: result: o
configure:2496: checking whether we are using the GNU C compiler
configure:2525: arm-none-linux-gnueabi-gcc -c   conftest.c >&5
configure:2531: $? = 0
configure:2548: result: yes
configure:2553: checking whether arm-none-linux-gnueabi-gcc accepts -g
configure:2583: arm-none-linux-gnueabi-gcc -c -g  conftest.c >&5
configure:2589: $? = 0
configure:2688: result: yes
configure:2705: checking for arm-none-linux-gnueabi-gcc option to accept ISO C89
configure:2779: arm-none-linux-gnueabi-gcc  -c -g -O2  conftest.c >&5
configure:2785: $? = 0
configure:2808: result: none needed
configure:2835: checking gcc version
configure:2847: result: 4
configure:3124: checking for inline
configure:3170: arm-none-linux-gnueabi-gcc -c -O2  conftest.c >&5
configure:3176: $? = 0
configure:3201: result: inline
configure:3213: checking for __attribute__
configure:3249: arm-none-linux-gnueabi-gcc -c -g -O2  conftest.c >&5
configure:3255: $? = 0
configure:3281: result: yes
configure:3286: checking whether __attribute__((format)) can be applied to function pointers
configure:3317: arm-none-linux-gnueabi-gcc -c -g -O2  conftest.c >&5
configure:3323: $? = 0
configure:3346: result: yes
configure:3355: checking how to run the C preprocessor
configure:3395: arm-none-linux-gnueabi-gcc -E  conftest.c
configure:3401: $? = 0
configure:3432: arm-none-linux-gnueabi-gcc -E  conftest.c
conftest.c:11: fatal error: ac_nonexistent.h: No such file or directory
compilation terminated.
configure:3438: $? = 1
configure: failed program was:
| /* confdefs.h.  */
| #define PACKAGE_NAME ""
| #define PACKAGE_TARNAME ""
| #define PACKAGE_VERSION ""
| #define PACKAGE_STRING ""
| #define PACKAGE_BUGREPORT ""
| #define inline inline
| #define HAVE___ATTRIBUTE__ 1
| #define __ATTRIBUTE___FORMAT_OK_FOR_FUNCTION_POINTERS 1
| /* end confdefs.h.  */
| #include <ac_nonexistent.h>
configure:3471: result: arm-none-linux-gnueabi-gcc -E
configure:3500: arm-none-linux-gnueabi-gcc -E  conftest.c
configure:3506: $? = 0
configure:3537: arm-none-linux-gnueabi-gcc -E  conftest.c
conftest.c:11: fatal error: ac_nonexistent.h: No such file or directory
compilation terminated.
configure:3543: $? = 1
configure: failed program was:
| /* confdefs.h.  */
| #define PACKAGE_NAME ""
| #define PACKAGE_TARNAME ""
| #define PACKAGE_VERSION ""
| #define PACKAGE_STRING ""
| #define PACKAGE_BUGREPORT ""
| #define inline inline
| #define HAVE___ATTRIBUTE__ 1
| #define __ATTRIBUTE___FORMAT_OK_FOR_FUNCTION_POINTERS 1
| /* end confdefs.h.  */
| #include <ac_nonexistent.h>
configure:3581: checking for grep that handles long lines and -e
configure:3655: result: /bin/grep
configure:3660: checking for egrep
configure:3738: result: /bin/grep -E
configure:3743: checking for ANSI C header files
configure:3773: arm-none-linux-gnueabi-gcc -c -g -O2  conftest.c >&5
configure:3779: $? = 0
configure:3907: result: yes
configure:3931: checking for sys/types.h
configure:3952: arm-none-linux-gnueabi-gcc -c -g -O2  conftest.c >&5
configure:3958: $? = 0
configure:3974: result: yes
configure:3931: checking for sys/stat.h
configure:3952: arm-none-linux-gnueabi-gcc -c -g -O2  conftest.c >&5
configure:3958: $? = 0
configure:3974: result: yes
configure:3931: checking for stdlib.h
configure:3952: arm-none-linux-gnueabi-gcc -c -g -O2  conftest.c >&5
configure:3958: $? = 0
configure:3974: result: yes
configure:3931: checking for string.h
configure:3952: arm-none-linux-gnueabi-gcc -c -g -O2  conftest.c >&5
configure:3958: $? = 0
configure:3974: result: yes
configure:3931: checking for memory.h
configure:3952: arm-none-linux-gnueabi-gcc -c -g -O2  conftest.c >&5
configure:3958: $? = 0
configure:3974: result: yes
configure:3931: checking for strings.h
configure:3952: arm-none-linux-gnueabi-gcc -c -g -O2  conftest.c >&5
configure:3958: $? = 0
configure:3974: result: yes
configure:3931: checking for inttypes.h
configure:3952: arm-none-linux-gnueabi-gcc -c -g -O2  conftest.c >&5
configure:3958: $? = 0
configure:3974: result: yes
configure:3931: checking for stdint.h
configure:3952: arm-none-linux-gnueabi-gcc -c -g -O2  conftest.c >&5
configure:3958: $? = 0
configure:3974: result: yes
configure:3931: checking for unistd.h
configure:3952: arm-none-linux-gnueabi-gcc -c -g -O2  conftest.c >&5
configure:3958: $? = 0
configure:3974: result: yes
configure:4003: checking fcntl.h usability
configure:4020: arm-none-linux-gnueabi-gcc -c -g -O2  conftest.c >&5
configure:4026: $? = 0
configure:4040: result: yes
configure:4044: checking fcntl.h presence
configure:4059: arm-none-linux-gnueabi-gcc -E  conftest.c
configure:4065: $? = 0
configure:4079: result: yes
configure:4107: checking for fcntl.h
configure:4115: result: yes
configure:4003: checking rpc/rpcent.h usability
configure:4020: arm-none-linux-gnueabi-gcc -c -g -O2  conftest.c >&5
conftest.c:55: fatal error: rpc/rpcent.h: No such file or directory
compilation terminated.
configure:4026: $? = 1
configure: failed program was:
| /* confdefs.h.  */
| #define PACKAGE_NAME ""
| #define PACKAGE_TARNAME ""
| #define PACKAGE_VERSION ""
| #define PACKAGE_STRING ""
| #define PACKAGE_BUGREPORT ""
| #define inline inline
| #define HAVE___ATTRIBUTE__ 1
| #define __ATTRIBUTE___FORMAT_OK_FOR_FUNCTION_POINTERS 1
| #define STDC_HEADERS 1
| #define HAVE_SYS_TYPES_H 1
| #define HAVE_SYS_STAT_H 1
| #define HAVE_STDLIB_H 1
| #define HAVE_STRING_H 1
| #define HAVE_MEMORY_H 1
| #define HAVE_STRINGS_H 1
| #define HAVE_INTTYPES_H 1
| #define HAVE_STDINT_H 1
| #define HAVE_UNISTD_H 1
| #define HAVE_FCNTL_H 1
| /* end confdefs.h.  */
| #include <stdio.h>
| #ifdef HAVE_SYS_TYPES_H
| # include <sys/types.h>
| #endif
| #ifdef HAVE_SYS_STAT_H
| # include <sys/stat.h>
| #endif
| #ifdef STDC_HEADERS
| # include <stdlib.h>
| # include <stddef.h>
| #else
| # ifdef HAVE_STDLIB_H
| #  include <stdlib.h>
| # endif
| #endif
| #ifdef HAVE_STRING_H
| # if !defined STDC_HEADERS && defined HAVE_MEMORY_H
| #  include <memory.h>
| # endif
| # include <string.h>
| #endif
| #ifdef HAVE_STRINGS_H
| # include <strings.h>
| #endif
| #ifdef HAVE_INTTYPES_H
| # include <inttypes.h>
| #endif
| #ifdef HAVE_STDINT_H
| # include <stdint.h>
| #endif
| #ifdef HAVE_UNISTD_H
| # include <unistd.h>
| #endif
| #include <rpc/rpcent.h>
configure:4040: result: no
configure:4044: checking rpc/rpcent.h presence
configure:4059: arm-none-linux-gnueabi-gcc -E  conftest.c
conftest.c:22: fatal error: rpc/rpcent.h: No such file or directory
compilation terminated.
configure:4065: $? = 1
configure: failed program was:
| /* confdefs.h.  */
| #define PACKAGE_NAME ""
| #define PACKAGE_TARNAME ""
| #define PACKAGE_VERSION ""
| #define PACKAGE_STRING ""
| #define PACKAGE_BUGREPORT ""
| #define inline inline
| #define HAVE___ATTRIBUTE__ 1
| #define __ATTRIBUTE___FORMAT_OK_FOR_FUNCTION_POINTERS 1
| #define STDC_HEADERS 1
| #define HAVE_SYS_TYPES_H 1
| #define HAVE_SYS_STAT_H 1
| #define HAVE_STDLIB_H 1
| #define HAVE_STRING_H 1
| #define HAVE_MEMORY_H 1
| #define HAVE_STRINGS_H 1
| #define HAVE_INTTYPES_H 1
| #define HAVE_STDINT_H 1
| #define HAVE_UNISTD_H 1
| #define HAVE_FCNTL_H 1
| /* end confdefs.h.  */
| #include <rpc/rpcent.h>
configure:4079: result: no
configure:4107: checking for rpc/rpcent.h
configure:4115: result: no
configure:4003: checking netdnet/dnetdb.h usability
configure:4020: arm-none-linux-gnueabi-gcc -c -g -O2  conftest.c >&5
conftest.c:55: fatal error: netdnet/dnetdb.h: No such file or directory
compilation terminated.
configure:4026: $? = 1
configure: failed program was:
| /* confdefs.h.  */
| #define PACKAGE_NAME ""
| #define PACKAGE_TARNAME ""
| #define PACKAGE_VERSION ""
| #define PACKAGE_STRING ""
| #define PACKAGE_BUGREPORT ""
| #define inline inline
| #define HAVE___ATTRIBUTE__ 1
| #define __ATTRIBUTE___FORMAT_OK_FOR_FUNCTION_POINTERS 1
| #define STDC_HEADERS 1
| #define HAVE_SYS_TYPES_H 1
| #define HAVE_SYS_STAT_H 1
| #define HAVE_STDLIB_H 1
| #define HAVE_STRING_H 1
| #define HAVE_MEMORY_H 1
| #define HAVE_STRINGS_H 1
| #define HAVE_INTTYPES_H 1
| #define HAVE_STDINT_H 1
| #define HAVE_UNISTD_H 1
| #define HAVE_FCNTL_H 1
| /* end confdefs.h.  */
| #include <stdio.h>
| #ifdef HAVE_SYS_TYPES_H
| # include <sys/types.h>
| #endif
| #ifdef HAVE_SYS_STAT_H
| # include <sys/stat.h>
| #endif
| #ifdef STDC_HEADERS
| # include <stdlib.h>
| # include <stddef.h>
| #else
| # ifdef HAVE_STDLIB_H
| #  include <stdlib.h>
| # endif
| #endif
| #ifdef HAVE_STRING_H
| # if !defined STDC_HEADERS && defined HAVE_MEMORY_H
| #  include <memory.h>
| # endif
| # include <string.h>
| #endif
| #ifdef HAVE_STRINGS_H
| # include <strings.h>
| #endif
| #ifdef HAVE_INTTYPES_H
| # include <inttypes.h>
| #endif
| #ifdef HAVE_STDINT_H
| # include <stdint.h>
| #endif
| #ifdef HAVE_UNISTD_H
| # include <unistd.h>
| #endif
| #include <netdnet/dnetdb.h>
configure:4040: result: no
configure:4044: checking netdnet/dnetdb.h presence
configure:4059: arm-none-linux-gnueabi-gcc -E  conftest.c
conftest.c:22: fatal error: netdnet/dnetdb.h: No such file or directory
compilation terminated.
configure:4065: $? = 1
configure: failed program was:
| /* confdefs.h.  */
| #define PACKAGE_NAME ""
| #define PACKAGE_TARNAME ""
| #define PACKAGE_VERSION ""
| #define PACKAGE_STRING ""
| #define PACKAGE_BUGREPORT ""
| #define inline inline
| #define HAVE___ATTRIBUTE__ 1
| #define __ATTRIBUTE___FORMAT_OK_FOR_FUNCTION_POINTERS 1
| #define STDC_HEADERS 1
| #define HAVE_SYS_TYPES_H 1
| #define HAVE_SYS_STAT_H 1
| #define HAVE_STDLIB_H 1
| #define HAVE_STRING_H 1
| #define HAVE_MEMORY_H 1
| #define HAVE_STRINGS_H 1
| #define HAVE_INTTYPES_H 1
| #define HAVE_STDINT_H 1
| #define HAVE_UNISTD_H 1
| #define HAVE_FCNTL_H 1
| /* end confdefs.h.  */
| #include <netdnet/dnetdb.h>
configure:4079: result: no
configure:4107: checking for netdnet/dnetdb.h
configure:4115: result: no
configure:4132: checking for net/pfvar.h
configure:4155: arm-none-linux-gnueabi-gcc -c -g -O2  conftest.c >&5
conftest.c:26: fatal error: net/pfvar.h: No such file or directory
compilation terminated.
configure:4161: $? = 1
configure: failed program was:
| /* confdefs.h.  */
| #define PACKAGE_NAME ""
| #define PACKAGE_TARNAME ""
| #define PACKAGE_VERSION ""
| #define PACKAGE_STRING ""
| #define PACKAGE_BUGREPORT ""
| #define inline inline
| #define HAVE___ATTRIBUTE__ 1
| #define __ATTRIBUTE___FORMAT_OK_FOR_FUNCTION_POINTERS 1
| #define STDC_HEADERS 1
| #define HAVE_SYS_TYPES_H 1
| #define HAVE_SYS_STAT_H 1
| #define HAVE_STDLIB_H 1
| #define HAVE_STRING_H 1
| #define HAVE_MEMORY_H 1
| #define HAVE_STRINGS_H 1
| #define HAVE_INTTYPES_H 1
| #define HAVE_STDINT_H 1
| #define HAVE_UNISTD_H 1
| #define HAVE_FCNTL_H 1
| /* end confdefs.h.  */
| #include <sys/types.h>
| #include <sys/socket.h>
| #include <net/if.h>
| 
| #include <net/pfvar.h>
configure:4177: result: no
configure:4195: checking for netinet/if_ether.h
configure:4217: arm-none-linux-gnueabi-gcc -c -g -O2  conftest.c >&5
configure:4223: $? = 0
configure:4239: result: yes
configure:4326: checking whether time.h and sys/time.h may both be included
configure:4356: arm-none-linux-gnueabi-gcc -c -g -O2  conftest.c >&5
configure:4362: $? = 0
configure:4377: result: yes
configure:4391: checking Linux kernel version
configure:4409: result: 2
configure:4453: checking smi.h usability
configure:4470: arm-none-linux-gnueabi-gcc -c -g -O2  conftest.c >&5
conftest.c:57: fatal error: smi.h: No such file or directory
compilation terminated.
configure:4476: $? = 1
configure: failed program was:
| /* confdefs.h.  */
| #define PACKAGE_NAME ""
| #define PACKAGE_TARNAME ""
| #define PACKAGE_VERSION ""
| #define PACKAGE_STRING ""
| #define PACKAGE_BUGREPORT ""
| #define inline inline
| #define HAVE___ATTRIBUTE__ 1
| #define __ATTRIBUTE___FORMAT_OK_FOR_FUNCTION_POINTERS 1
| #define STDC_HEADERS 1
| #define HAVE_SYS_TYPES_H 1
| #define HAVE_SYS_STAT_H 1
| #define HAVE_STDLIB_H 1
| #define HAVE_STRING_H 1
| #define HAVE_MEMORY_H 1
| #define HAVE_STRINGS_H 1
| #define HAVE_INTTYPES_H 1
| #define HAVE_STDINT_H 1
| #define HAVE_UNISTD_H 1
| #define HAVE_FCNTL_H 1
| #define HAVE_NETINET_IF_ETHER_H 1
| #define TIME_WITH_SYS_TIME 1
| /* end confdefs.h.  */
| #include <stdio.h>
| #ifdef HAVE_SYS_TYPES_H
| # include <sys/types.h>
| #endif
| #ifdef HAVE_SYS_STAT_H
| # include <sys/stat.h>
| #endif
| #ifdef STDC_HEADERS
| # include <stdlib.h>
| # include <stddef.h>
| #else
| # ifdef HAVE_STDLIB_H
| #  include <stdlib.h>
| # endif
| #endif
| #ifdef HAVE_STRING_H
| # if !defined STDC_HEADERS && defined HAVE_MEMORY_H
| #  include <memory.h>
| # endif
| # include <string.h>
| #endif
| #ifdef HAVE_STRINGS_H
| # include <strings.h>
| #endif
| #ifdef HAVE_INTTYPES_H
| # include <inttypes.h>
| #endif
| #ifdef HAVE_STDINT_H
| # include <stdint.h>
| #endif
| #ifdef HAVE_UNISTD_H
| # include <unistd.h>
| #endif
| #include <smi.h>
configure:4490: result: no
configure:4494: checking smi.h presence
configure:4509: arm-none-linux-gnueabi-gcc -E  conftest.c
conftest.c:24: fatal error: smi.h: No such file or directory
compilation terminated.
configure:4515: $? = 1
configure: failed program was:
| /* confdefs.h.  */
| #define PACKAGE_NAME ""
| #define PACKAGE_TARNAME ""
| #define PACKAGE_VERSION ""
| #define PACKAGE_STRING ""
| #define PACKAGE_BUGREPORT ""
| #define inline inline
| #define HAVE___ATTRIBUTE__ 1
| #define __ATTRIBUTE___FORMAT_OK_FOR_FUNCTION_POINTERS 1
| #define STDC_HEADERS 1
| #define HAVE_SYS_TYPES_H 1
| #define HAVE_SYS_STAT_H 1
| #define HAVE_STDLIB_H 1
| #define HAVE_STRING_H 1
| #define HAVE_MEMORY_H 1
| #define HAVE_STRINGS_H 1
| #define HAVE_INTTYPES_H 1
| #define HAVE_STDINT_H 1
| #define HAVE_UNISTD_H 1
| #define HAVE_FCNTL_H 1
| #define HAVE_NETINET_IF_ETHER_H 1
| #define TIME_WITH_SYS_TIME 1
| /* end confdefs.h.  */
| #include <smi.h>
configure:4529: result: no
configure:4557: checking for smi.h
configure:4565: result: no
configure:4579: checking for smiInit in -lsmi
configure:4614: arm-none-linux-gnueabi-gcc -o conftest -g -O2   conftest.c -lsmi   >&5
/home/fengqian/CodeSourcery/Sourcery_G++_Lite/bin/../lib/gcc/arm-none-linux-gnueabi/4.4.1/../../../../arm-none-linux-gnueabi/bin/ld: cannot find -lsmi
collect2: ld returned 1 exit status
configure:4620: $? = 1
configure: failed program was:
| /* confdefs.h.  */
| #define PACKAGE_NAME ""
| #define PACKAGE_TARNAME ""
| #define PACKAGE_VERSION ""
| #define PACKAGE_STRING ""
| #define PACKAGE_BUGREPORT ""
| #define inline inline
| #define HAVE___ATTRIBUTE__ 1
| #define __ATTRIBUTE___FORMAT_OK_FOR_FUNCTION_POINTERS 1
| #define STDC_HEADERS 1
| #define HAVE_SYS_TYPES_H 1
| #define HAVE_SYS_STAT_H 1
| #define HAVE_STDLIB_H 1
| #define HAVE_STRING_H 1
| #define HAVE_MEMORY_H 1
| #define HAVE_STRINGS_H 1
| #define HAVE_INTTYPES_H 1
| #define HAVE_STDINT_H 1
| #define HAVE_UNISTD_H 1
| #define HAVE_FCNTL_H 1
| #define HAVE_NETINET_IF_ETHER_H 1
| #define TIME_WITH_SYS_TIME 1
| /* end confdefs.h.  */
| 
| /* Override any GCC internal prototype to avoid an error.
|    Use char because int might match the return type of a GCC
|    builtin and then its argument prototype would still apply.  */
| #ifdef __cplusplus
| extern "C"
| #endif
| char smiInit ();
| int
| main ()
| {
| return smiInit ();
|   ;
|   return 0;
| }
configure:4638: result: no
configure:4738: checking whether to enable the possibly-buggy SMB printer
configure:4748: result: yes
configure:4750: WARNING: The SMB printer may have exploitable buffer overflows!!!
configure:4769: checking whether to drop root privileges by default
configure:4779: result: no
configure:4789: checking whether to chroot
configure:4799: result: no
configure:4803: checking whether to enable ipv6
configure:4825: result: no
configure:5438: checking for dnet_htoa declaration in netdnet/dnetdb.h
conftest.c:25: fatal error: netdnet/dnetdb.h: No such file or directory
compilation terminated.
configure:5461: result: no
configure:5470: checking for char
configure:5500: arm-none-linux-gnueabi-gcc -c -g -O2  conftest.c >&5
configure:5506: $? = 0
configure:5521: result: yes
configure:5528: checking size of char
configure:5559: arm-none-linux-gnueabi-gcc -c -g -O2  conftest.c >&5
configure:5565: $? = 0
configure:5596: arm-none-linux-gnueabi-gcc -c -g -O2  conftest.c >&5
conftest.c: In function 'main':
conftest.c:62: error: size of array 'test_array' is negative
configure:5602: $? = 1
configure: failed program was:
| /* confdefs.h.  */
| #define PACKAGE_NAME ""
| #define PACKAGE_TARNAME ""
| #define PACKAGE_VERSION ""
| #define PACKAGE_STRING ""
| #define PACKAGE_BUGREPORT ""
| #define inline inline
| #define HAVE___ATTRIBUTE__ 1
| #define __ATTRIBUTE___FORMAT_OK_FOR_FUNCTION_POINTERS 1
| #define STDC_HEADERS 1
| #define HAVE_SYS_TYPES_H 1
| #define HAVE_SYS_STAT_H 1
| #define HAVE_STDLIB_H 1
| #define HAVE_STRING_H 1
| #define HAVE_MEMORY_H 1
| #define HAVE_STRINGS_H 1
| #define HAVE_INTTYPES_H 1
| #define HAVE_STDINT_H 1
| #define HAVE_UNISTD_H 1
| #define HAVE_FCNTL_H 1
| #define HAVE_NETINET_IF_ETHER_H 1
| #define TIME_WITH_SYS_TIME 1
| #define TCPDUMP_DO_SMB 1
| /* end confdefs.h.  */
| #include <stdio.h>
| #ifdef HAVE_SYS_TYPES_H
| # include <sys/types.h>
| #endif
| #ifdef HAVE_SYS_STAT_H
| # include <sys/stat.h>
| #endif
| #ifdef STDC_HEADERS
| # include <stdlib.h>
| # include <stddef.h>
| #else
| # ifdef HAVE_STDLIB_H
| #  include <stdlib.h>
| # endif
| #endif
| #ifdef HAVE_STRING_H
| # if !defined STDC_HEADERS && defined HAVE_MEMORY_H
| #  include <memory.h>
| # endif
| # include <string.h>
| #endif
| #ifdef HAVE_STRINGS_H
| # include <strings.h>
| #endif
| #ifdef HAVE_INTTYPES_H
| # include <inttypes.h>
| #endif
| #ifdef HAVE_STDINT_H
| # include <stdint.h>
| #endif
| #ifdef HAVE_UNISTD_H
| # include <unistd.h>
| #endif
|    typedef char ac__type_sizeof_;
| int
| main ()
| {
| static int test_array [1 - 2 * !(((long int) (sizeof (ac__type_sizeof_))) <= 0)];
| test_array [0] = 0
| 
|   ;
|   return 0;
| }
configure:5596: arm-none-linux-gnueabi-gcc -c -g -O2  conftest.c >&5
configure:5602: $? = 0
configure:5865: result: 1
configure:5875: checking for short
configure:5905: arm-none-linux-gnueabi-gcc -c -g -O2  conftest.c >&5
configure:5911: $? = 0
configure:5926: result: yes
configure:5933: checking size of short
configure:5964: arm-none-linux-gnueabi-gcc -c -g -O2  conftest.c >&5
configure:5970: $? = 0
configure:6001: arm-none-linux-gnueabi-gcc -c -g -O2  conftest.c >&5
conftest.c: In function 'main':
conftest.c:63: error: size of array 'test_array' is negative
configure:6007: $? = 1
configure: failed program was:
| /* confdefs.h.  */
| #define PACKAGE_NAME ""
| #define PACKAGE_TARNAME ""
| #define PACKAGE_VERSION ""
| #define PACKAGE_STRING ""
| #define PACKAGE_BUGREPORT ""
| #define inline inline
| #define HAVE___ATTRIBUTE__ 1
| #define __ATTRIBUTE___FORMAT_OK_FOR_FUNCTION_POINTERS 1
| #define STDC_HEADERS 1
| #define HAVE_SYS_TYPES_H 1
| #define HAVE_SYS_STAT_H 1
| #define HAVE_STDLIB_H 1
| #define HAVE_STRING_H 1
| #define HAVE_MEMORY_H 1
| #define HAVE_STRINGS_H 1
| #define HAVE_INTTYPES_H 1
| #define HAVE_STDINT_H 1
| #define HAVE_UNISTD_H 1
| #define HAVE_FCNTL_H 1
| #define HAVE_NETINET_IF_ETHER_H 1
| #define TIME_WITH_SYS_TIME 1
| #define TCPDUMP_DO_SMB 1
| #define SIZEOF_CHAR 1
| /* end confdefs.h.  */
| #include <stdio.h>
| #ifdef HAVE_SYS_TYPES_H
| # include <sys/types.h>
| #endif
| #ifdef HAVE_SYS_STAT_H
| # include <sys/stat.h>
| #endif
| #ifdef STDC_HEADERS
| # include <stdlib.h>
| # include <stddef.h>
| #else
| # ifdef HAVE_STDLIB_H
| #  include <stdlib.h>
| # endif
| #endif
| #ifdef HAVE_STRING_H
| # if !defined STDC_HEADERS && defined HAVE_MEMORY_H
| #  include <memory.h>
| # endif
| # include <string.h>
| #endif
| #ifdef HAVE_STRINGS_H
| # include <strings.h>
| #endif
| #ifdef HAVE_INTTYPES_H
| # include <inttypes.h>
| #endif
| #ifdef HAVE_STDINT_H
| # include <stdint.h>
| #endif
| #ifdef HAVE_UNISTD_H
| # include <unistd.h>
| #endif
|    typedef short ac__type_sizeof_;
| int
| main ()
| {
| static int test_array [1 - 2 * !(((long int) (sizeof (ac__type_sizeof_))) <= 0)];
| test_array [0] = 0
| 
|   ;
|   return 0;
| }
configure:6001: arm-none-linux-gnueabi-gcc -c -g -O2  conftest.c >&5
conftest.c: In function 'main':
conftest.c:63: error: size of array 'test_array' is negative
configure:6007: $? = 1
configure: failed program was:
| /* confdefs.h.  */
| #define PACKAGE_NAME ""
| #define PACKAGE_TARNAME ""
| #define PACKAGE_VERSION ""
| #define PACKAGE_STRING ""
| #define PACKAGE_BUGREPORT ""
| #define inline inline
| #define HAVE___ATTRIBUTE__ 1
| #define __ATTRIBUTE___FORMAT_OK_FOR_FUNCTION_POINTERS 1
| #define STDC_HEADERS 1
| #define HAVE_SYS_TYPES_H 1
| #define HAVE_SYS_STAT_H 1
| #define HAVE_STDLIB_H 1
| #define HAVE_STRING_H 1
| #define HAVE_MEMORY_H 1
| #define HAVE_STRINGS_H 1
| #define HAVE_INTTYPES_H 1
| #define HAVE_STDINT_H 1
| #define HAVE_UNISTD_H 1
| #define HAVE_FCNTL_H 1
| #define HAVE_NETINET_IF_ETHER_H 1
| #define TIME_WITH_SYS_TIME 1
| #define TCPDUMP_DO_SMB 1
| #define SIZEOF_CHAR 1
| /* end confdefs.h.  */
| #include <stdio.h>
| #ifdef HAVE_SYS_TYPES_H
| # include <sys/types.h>
| #endif
| #ifdef HAVE_SYS_STAT_H
| # include <sys/stat.h>
| #endif
| #ifdef STDC_HEADERS
| # include <stdlib.h>
| # include <stddef.h>
| #else
| # ifdef HAVE_STDLIB_H
| #  include <stdlib.h>
| # endif
| #endif
| #ifdef HAVE_STRING_H
| # if !defined STDC_HEADERS && defined HAVE_MEMORY_H
| #  include <memory.h>
| # endif
| # include <string.h>
| #endif
| #ifdef HAVE_STRINGS_H
| # include <strings.h>
| #endif
| #ifdef HAVE_INTTYPES_H
| # include <inttypes.h>
| #endif
| #ifdef HAVE_STDINT_H
| # include <stdint.h>
| #endif
| #ifdef HAVE_UNISTD_H
| # include <unistd.h>
| #endif
|    typedef short ac__type_sizeof_;
| int
| main ()
| {
| static int test_array [1 - 2 * !(((long int) (sizeof (ac__type_sizeof_))) <= 1)];
| test_array [0] = 0
| 
|   ;
|   return 0;
| }
configure:6001: arm-none-linux-gnueabi-gcc -c -g -O2  conftest.c >&5
configure:6007: $? = 0
configure:6156: arm-none-linux-gnueabi-gcc -c -g -O2  conftest.c >&5
configure:6162: $? = 0
configure:6270: result: 2
configure:6280: checking for int
configure:6310: arm-none-linux-gnueabi-gcc -c -g -O2  conftest.c >&5
configure:6316: $? = 0
configure:6331: result: yes
configure:6338: checking size of int
configure:6369: arm-none-linux-gnueabi-gcc -c -g -O2  conftest.c >&5
configure:6375: $? = 0
configure:6406: arm-none-linux-gnueabi-gcc -c -g -O2  conftest.c >&5
conftest.c: In function 'main':
conftest.c:64: error: size of array 'test_array' is negative
configure:6412: $? = 1
configure: failed program was:
| /* confdefs.h.  */
| #define PACKAGE_NAME ""
| #define PACKAGE_TARNAME ""
| #define PACKAGE_VERSION ""
| #define PACKAGE_STRING ""
| #define PACKAGE_BUGREPORT ""
| #define inline inline
| #define HAVE___ATTRIBUTE__ 1
| #define __ATTRIBUTE___FORMAT_OK_FOR_FUNCTION_POINTERS 1
| #define STDC_HEADERS 1
| #define HAVE_SYS_TYPES_H 1
| #define HAVE_SYS_STAT_H 1
| #define HAVE_STDLIB_H 1
| #define HAVE_STRING_H 1
| #define HAVE_MEMORY_H 1
| #define HAVE_STRINGS_H 1
| #define HAVE_INTTYPES_H 1
| #define HAVE_STDINT_H 1
| #define HAVE_UNISTD_H 1
| #define HAVE_FCNTL_H 1
| #define HAVE_NETINET_IF_ETHER_H 1
| #define TIME_WITH_SYS_TIME 1
| #define TCPDUMP_DO_SMB 1
| #define SIZEOF_CHAR 1
| #define SIZEOF_SHORT 2
| /* end confdefs.h.  */
| #include <stdio.h>
| #ifdef HAVE_SYS_TYPES_H
| # include <sys/types.h>
| #endif
| #ifdef HAVE_SYS_STAT_H
| # include <sys/stat.h>
| #endif
| #ifdef STDC_HEADERS
| # include <stdlib.h>
| # include <stddef.h>
| #else
| # ifdef HAVE_STDLIB_H
| #  include <stdlib.h>
| # endif
| #endif
| #ifdef HAVE_STRING_H
| # if !defined STDC_HEADERS && defined HAVE_MEMORY_H
| #  include <memory.h>
| # endif
| # include <string.h>
| #endif
| #ifdef HAVE_STRINGS_H
| # include <strings.h>
| #endif
| #ifdef HAVE_INTTYPES_H
| # include <inttypes.h>
| #endif
| #ifdef HAVE_STDINT_H
| # include <stdint.h>
| #endif
| #ifdef HAVE_UNISTD_H
| # include <unistd.h>
| #endif
|    typedef int ac__type_sizeof_;
| int
| main ()
| {
| static int test_array [1 - 2 * !(((long int) (sizeof (ac__type_sizeof_))) <= 0)];
| test_array [0] = 0
| 
|   ;
|   return 0;
| }
configure:6406: arm-none-linux-gnueabi-gcc -c -g -O2  conftest.c >&5
conftest.c: In function 'main':
conftest.c:64: error: size of array 'test_array' is negative
configure:6412: $? = 1
configure: failed program was:
| /* confdefs.h.  */
| #define PACKAGE_NAME ""
| #define PACKAGE_TARNAME ""
| #define PACKAGE_VERSION ""
| #define PACKAGE_STRING ""
| #define PACKAGE_BUGREPORT ""
| #define inline inline
| #define HAVE___ATTRIBUTE__ 1
| #define __ATTRIBUTE___FORMAT_OK_FOR_FUNCTION_POINTERS 1
| #define STDC_HEADERS 1
| #define HAVE_SYS_TYPES_H 1
| #define HAVE_SYS_STAT_H 1
| #define HAVE_STDLIB_H 1
| #define HAVE_STRING_H 1
| #define HAVE_MEMORY_H 1
| #define HAVE_STRINGS_H 1
| #define HAVE_INTTYPES_H 1
| #define HAVE_STDINT_H 1
| #define HAVE_UNISTD_H 1
| #define HAVE_FCNTL_H 1
| #define HAVE_NETINET_IF_ETHER_H 1
| #define TIME_WITH_SYS_TIME 1
| #define TCPDUMP_DO_SMB 1
| #define SIZEOF_CHAR 1
| #define SIZEOF_SHORT 2
| /* end confdefs.h.  */
| #include <stdio.h>
| #ifdef HAVE_SYS_TYPES_H
| # include <sys/types.h>
| #endif
| #ifdef HAVE_SYS_STAT_H
| # include <sys/stat.h>
| #endif
| #ifdef STDC_HEADERS
| # include <stdlib.h>
| # include <stddef.h>
| #else
| # ifdef HAVE_STDLIB_H
| #  include <stdlib.h>
| # endif
| #endif
| #ifdef HAVE_STRING_H
| # if !defined STDC_HEADERS && defined HAVE_MEMORY_H
| #  include <memory.h>
| # endif
| # include <string.h>
| #endif
| #ifdef HAVE_STRINGS_H
| # include <strings.h>
| #endif
| #ifdef HAVE_INTTYPES_H
| # include <inttypes.h>
| #endif
| #ifdef HAVE_STDINT_H
| # include <stdint.h>
| #endif
| #ifdef HAVE_UNISTD_H
| # include <unistd.h>
| #endif
|    typedef int ac__type_sizeof_;
| int
| main ()
| {
| static int test_array [1 - 2 * !(((long int) (sizeof (ac__type_sizeof_))) <= 1)];
| test_array [0] = 0
| 
|   ;
|   return 0;
| }
configure:6406: arm-none-linux-gnueabi-gcc -c -g -O2  conftest.c >&5
conftest.c: In function 'main':
conftest.c:64: error: size of array 'test_array' is negative
configure:6412: $? = 1
configure: failed program was:
| /* confdefs.h.  */
| #define PACKAGE_NAME ""
| #define PACKAGE_TARNAME ""
| #define PACKAGE_VERSION ""
| #define PACKAGE_STRING ""
| #define PACKAGE_BUGREPORT ""
| #define inline inline
| #define HAVE___ATTRIBUTE__ 1
| #define __ATTRIBUTE___FORMAT_OK_FOR_FUNCTION_POINTERS 1
| #define STDC_HEADERS 1
| #define HAVE_SYS_TYPES_H 1
| #define HAVE_SYS_STAT_H 1
| #define HAVE_STDLIB_H 1
| #define HAVE_STRING_H 1
| #define HAVE_MEMORY_H 1
| #define HAVE_STRINGS_H 1
| #define HAVE_INTTYPES_H 1
| #define HAVE_STDINT_H 1
| #define HAVE_UNISTD_H 1
| #define HAVE_FCNTL_H 1
| #define HAVE_NETINET_IF_ETHER_H 1
| #define TIME_WITH_SYS_TIME 1
| #define TCPDUMP_DO_SMB 1
| #define SIZEOF_CHAR 1
| #define SIZEOF_SHORT 2
| /* end confdefs.h.  */
| #include <stdio.h>
| #ifdef HAVE_SYS_TYPES_H
| # include <sys/types.h>
| #endif
| #ifdef HAVE_SYS_STAT_H
| # include <sys/stat.h>
| #endif
| #ifdef STDC_HEADERS
| # include <stdlib.h>
| # include <stddef.h>
| #else
| # ifdef HAVE_STDLIB_H
| #  include <stdlib.h>
| # endif
| #endif
| #ifdef HAVE_STRING_H
| # if !defined STDC_HEADERS && defined HAVE_MEMORY_H
| #  include <memory.h>
| # endif
| # include <string.h>
| #endif
| #ifdef HAVE_STRINGS_H
| # include <strings.h>
| #endif
| #ifdef HAVE_INTTYPES_H
| # include <inttypes.h>
| #endif
| #ifdef HAVE_STDINT_H
| # include <stdint.h>
| #endif
| #ifdef HAVE_UNISTD_H
| # include <unistd.h>
| #endif
|    typedef int ac__type_sizeof_;
| int
| main ()
| {
| static int test_array [1 - 2 * !(((long int) (sizeof (ac__type_sizeof_))) <= 3)];
| test_array [0] = 0
| 
|   ;
|   return 0;
| }
configure:6406: arm-none-linux-gnueabi-gcc -c -g -O2  conftest.c >&5
configure:6412: $? = 0
configure:6561: arm-none-linux-gnueabi-gcc -c -g -O2  conftest.c >&5
configure:6567: $? = 0
configure:6561: arm-none-linux-gnueabi-gcc -c -g -O2  conftest.c >&5
configure:6567: $? = 0
configure:6675: result: 4
configure:6685: checking for long
configure:6715: arm-none-linux-gnueabi-gcc -c -g -O2  conftest.c >&5
configure:6721: $? = 0
configure:6736: result: yes
configure:6743: checking size of long
configure:6774: arm-none-linux-gnueabi-gcc -c -g -O2  conftest.c >&5
configure:6780: $? = 0
configure:6811: arm-none-linux-gnueabi-gcc -c -g -O2  conftest.c >&5
conftest.c: In function 'main':
conftest.c:65: error: size of array 'test_array' is negative
configure:6817: $? = 1
configure: failed program was:
| /* confdefs.h.  */
| #define PACKAGE_NAME ""
| #define PACKAGE_TARNAME ""
| #define PACKAGE_VERSION ""
| #define PACKAGE_STRING ""
| #define PACKAGE_BUGREPORT ""
| #define inline inline
| #define HAVE___ATTRIBUTE__ 1
| #define __ATTRIBUTE___FORMAT_OK_FOR_FUNCTION_POINTERS 1
| #define STDC_HEADERS 1
| #define HAVE_SYS_TYPES_H 1
| #define HAVE_SYS_STAT_H 1
| #define HAVE_STDLIB_H 1
| #define HAVE_STRING_H 1
| #define HAVE_MEMORY_H 1
| #define HAVE_STRINGS_H 1
| #define HAVE_INTTYPES_H 1
| #define HAVE_STDINT_H 1
| #define HAVE_UNISTD_H 1
| #define HAVE_FCNTL_H 1
| #define HAVE_NETINET_IF_ETHER_H 1
| #define TIME_WITH_SYS_TIME 1
| #define TCPDUMP_DO_SMB 1
| #define SIZEOF_CHAR 1
| #define SIZEOF_SHORT 2
| #define SIZEOF_INT 4
| /* end confdefs.h.  */
| #include <stdio.h>
| #ifdef HAVE_SYS_TYPES_H
| # include <sys/types.h>
| #endif
| #ifdef HAVE_SYS_STAT_H
| # include <sys/stat.h>
| #endif
| #ifdef STDC_HEADERS
| # include <stdlib.h>
| # include <stddef.h>
| #else
| # ifdef HAVE_STDLIB_H
| #  include <stdlib.h>
| # endif
| #endif
| #ifdef HAVE_STRING_H
| # if !defined STDC_HEADERS && defined HAVE_MEMORY_H
| #  include <memory.h>
| # endif
| # include <string.h>
| #endif
| #ifdef HAVE_STRINGS_H
| # include <strings.h>
| #endif
| #ifdef HAVE_INTTYPES_H
| # include <inttypes.h>
| #endif
| #ifdef HAVE_STDINT_H
| # include <stdint.h>
| #endif
| #ifdef HAVE_UNISTD_H
| # include <unistd.h>
| #endif
|    typedef long ac__type_sizeof_;
| int
| main ()
| {
| static int test_array [1 - 2 * !(((long int) (sizeof (ac__type_sizeof_))) <= 0)];
| test_array [0] = 0
| 
|   ;
|   return 0;
| }
configure:6811: arm-none-linux-gnueabi-gcc -c -g -O2  conftest.c >&5
conftest.c: In function 'main':
conftest.c:65: error: size of array 'test_array' is negative
configure:6817: $? = 1
configure: failed program was:
| /* confdefs.h.  */
| #define PACKAGE_NAME ""
| #define PACKAGE_TARNAME ""
| #define PACKAGE_VERSION ""
| #define PACKAGE_STRING ""
| #define PACKAGE_BUGREPORT ""
| #define inline inline
| #define HAVE___ATTRIBUTE__ 1
| #define __ATTRIBUTE___FORMAT_OK_FOR_FUNCTION_POINTERS 1
| #define STDC_HEADERS 1
| #define HAVE_SYS_TYPES_H 1
| #define HAVE_SYS_STAT_H 1
| #define HAVE_STDLIB_H 1
| #define HAVE_STRING_H 1
| #define HAVE_MEMORY_H 1
| #define HAVE_STRINGS_H 1
| #define HAVE_INTTYPES_H 1
| #define HAVE_STDINT_H 1
| #define HAVE_UNISTD_H 1
| #define HAVE_FCNTL_H 1
| #define HAVE_NETINET_IF_ETHER_H 1
| #define TIME_WITH_SYS_TIME 1
| #define TCPDUMP_DO_SMB 1
| #define SIZEOF_CHAR 1
| #define SIZEOF_SHORT 2
| #define SIZEOF_INT 4
| /* end confdefs.h.  */
| #include <stdio.h>
| #ifdef HAVE_SYS_TYPES_H
| # include <sys/types.h>
| #endif
| #ifdef HAVE_SYS_STAT_H
| # include <sys/stat.h>
| #endif
| #ifdef STDC_HEADERS
| # include <stdlib.h>
| # include <stddef.h>
| #else
| # ifdef HAVE_STDLIB_H
| #  include <stdlib.h>
| # endif
| #endif
| #ifdef HAVE_STRING_H
| # if !defined STDC_HEADERS && defined HAVE_MEMORY_H
| #  include <memory.h>
| # endif
| # include <string.h>
| #endif
| #ifdef HAVE_STRINGS_H
| # include <strings.h>
| #endif
| #ifdef HAVE_INTTYPES_H
| # include <inttypes.h>
| #endif
| #ifdef HAVE_STDINT_H
| # include <stdint.h>
| #endif
| #ifdef HAVE_UNISTD_H
| # include <unistd.h>
| #endif
|    typedef long ac__type_sizeof_;
| int
| main ()
| {
| static int test_array [1 - 2 * !(((long int) (sizeof (ac__type_sizeof_))) <= 1)];
| test_array [0] = 0
| 
|   ;
|   return 0;
| }
configure:6811: arm-none-linux-gnueabi-gcc -c -g -O2  conftest.c >&5
conftest.c: In function 'main':
conftest.c:65: error: size of array 'test_array' is negative
configure:6817: $? = 1
configure: failed program was:
| /* confdefs.h.  */
| #define PACKAGE_NAME ""
| #define PACKAGE_TARNAME ""
| #define PACKAGE_VERSION ""
| #define PACKAGE_STRING ""
| #define PACKAGE_BUGREPORT ""
| #define inline inline
| #define HAVE___ATTRIBUTE__ 1
| #define __ATTRIBUTE___FORMAT_OK_FOR_FUNCTION_POINTERS 1
| #define STDC_HEADERS 1
| #define HAVE_SYS_TYPES_H 1
| #define HAVE_SYS_STAT_H 1
| #define HAVE_STDLIB_H 1
| #define HAVE_STRING_H 1
| #define HAVE_MEMORY_H 1
| #define HAVE_STRINGS_H 1
| #define HAVE_INTTYPES_H 1
| #define HAVE_STDINT_H 1
| #define HAVE_UNISTD_H 1
| #define HAVE_FCNTL_H 1
| #define HAVE_NETINET_IF_ETHER_H 1
| #define TIME_WITH_SYS_TIME 1
| #define TCPDUMP_DO_SMB 1
| #define SIZEOF_CHAR 1
| #define SIZEOF_SHORT 2
| #define SIZEOF_INT 4
| /* end confdefs.h.  */
| #include <stdio.h>
| #ifdef HAVE_SYS_TYPES_H
| # include <sys/types.h>
| #endif
| #ifdef HAVE_SYS_STAT_H
| # include <sys/stat.h>
| #endif
| #ifdef STDC_HEADERS
| # include <stdlib.h>
| # include <stddef.h>
| #else
| # ifdef HAVE_STDLIB_H
| #  include <stdlib.h>
| # endif
| #endif
| #ifdef HAVE_STRING_H
| # if !defined STDC_HEADERS && defined HAVE_MEMORY_H
| #  include <memory.h>
| # endif
| # include <string.h>
| #endif
| #ifdef HAVE_STRINGS_H
| # include <strings.h>
| #endif
| #ifdef HAVE_INTTYPES_H
| # include <inttypes.h>
| #endif
| #ifdef HAVE_STDINT_H
| # include <stdint.h>
| #endif
| #ifdef HAVE_UNISTD_H
| # include <unistd.h>
| #endif
|    typedef long ac__type_sizeof_;
| int
| main ()
| {
| static int test_array [1 - 2 * !(((long int) (sizeof (ac__type_sizeof_))) <= 3)];
| test_array [0] = 0
| 
|   ;
|   return 0;
| }
configure:6811: arm-none-linux-gnueabi-gcc -c -g -O2  conftest.c >&5
configure:6817: $? = 0
configure:6966: arm-none-linux-gnueabi-gcc -c -g -O2  conftest.c >&5
configure:6972: $? = 0
configure:6966: arm-none-linux-gnueabi-gcc -c -g -O2  conftest.c >&5
configure:6972: $? = 0
configure:7080: result: 4
configure:7090: checking for long long
configure:7120: arm-none-linux-gnueabi-gcc -c -g -O2  conftest.c >&5
configure:7126: $? = 0
configure:7141: result: yes
configure:7148: checking size of long long
configure:7179: arm-none-linux-gnueabi-gcc -c -g -O2  conftest.c >&5
configure:7185: $? = 0
configure:7216: arm-none-linux-gnueabi-gcc -c -g -O2  conftest.c >&5
conftest.c: In function 'main':
conftest.c:66: error: size of array 'test_array' is negative
configure:7222: $? = 1
configure: failed program was:
| /* confdefs.h.  */
| #define PACKAGE_NAME ""
| #define PACKAGE_TARNAME ""
| #define PACKAGE_VERSION ""
| #define PACKAGE_STRING ""
| #define PACKAGE_BUGREPORT ""
| #define inline inline
| #define HAVE___ATTRIBUTE__ 1
| #define __ATTRIBUTE___FORMAT_OK_FOR_FUNCTION_POINTERS 1
| #define STDC_HEADERS 1
| #define HAVE_SYS_TYPES_H 1
| #define HAVE_SYS_STAT_H 1
| #define HAVE_STDLIB_H 1
| #define HAVE_STRING_H 1
| #define HAVE_MEMORY_H 1
| #define HAVE_STRINGS_H 1
| #define HAVE_INTTYPES_H 1
| #define HAVE_STDINT_H 1
| #define HAVE_UNISTD_H 1
| #define HAVE_FCNTL_H 1
| #define HAVE_NETINET_IF_ETHER_H 1
| #define TIME_WITH_SYS_TIME 1
| #define TCPDUMP_DO_SMB 1
| #define SIZEOF_CHAR 1
| #define SIZEOF_SHORT 2
| #define SIZEOF_INT 4
| #define SIZEOF_LONG 4
| /* end confdefs.h.  */
| #include <stdio.h>
| #ifdef HAVE_SYS_TYPES_H
| # include <sys/types.h>
| #endif
| #ifdef HAVE_SYS_STAT_H
| # include <sys/stat.h>
| #endif
| #ifdef STDC_HEADERS
| # include <stdlib.h>
| # include <stddef.h>
| #else
| # ifdef HAVE_STDLIB_H
| #  include <stdlib.h>
| # endif
| #endif
| #ifdef HAVE_STRING_H
| # if !defined STDC_HEADERS && defined HAVE_MEMORY_H
| #  include <memory.h>
| # endif
| # include <string.h>
| #endif
| #ifdef HAVE_STRINGS_H
| # include <strings.h>
| #endif
| #ifdef HAVE_INTTYPES_H
| # include <inttypes.h>
| #endif
| #ifdef HAVE_STDINT_H
| # include <stdint.h>
| #endif
| #ifdef HAVE_UNISTD_H
| # include <unistd.h>
| #endif
|    typedef long long ac__type_sizeof_;
| int
| main ()
| {
| static int test_array [1 - 2 * !(((long int) (sizeof (ac__type_sizeof_))) <= 0)];
| test_array [0] = 0
| 
|   ;
|   return 0;
| }
configure:7216: arm-none-linux-gnueabi-gcc -c -g -O2  conftest.c >&5
conftest.c: In function 'main':
conftest.c:66: error: size of array 'test_array' is negative
configure:7222: $? = 1
configure: failed program was:
| /* confdefs.h.  */
| #define PACKAGE_NAME ""
| #define PACKAGE_TARNAME ""
| #define PACKAGE_VERSION ""
| #define PACKAGE_STRING ""
| #define PACKAGE_BUGREPORT ""
| #define inline inline
| #define HAVE___ATTRIBUTE__ 1
| #define __ATTRIBUTE___FORMAT_OK_FOR_FUNCTION_POINTERS 1
| #define STDC_HEADERS 1
| #define HAVE_SYS_TYPES_H 1
| #define HAVE_SYS_STAT_H 1
| #define HAVE_STDLIB_H 1
| #define HAVE_STRING_H 1
| #define HAVE_MEMORY_H 1
| #define HAVE_STRINGS_H 1
| #define HAVE_INTTYPES_H 1
| #define HAVE_STDINT_H 1
| #define HAVE_UNISTD_H 1
| #define HAVE_FCNTL_H 1
| #define HAVE_NETINET_IF_ETHER_H 1
| #define TIME_WITH_SYS_TIME 1
| #define TCPDUMP_DO_SMB 1
| #define SIZEOF_CHAR 1
| #define SIZEOF_SHORT 2
| #define SIZEOF_INT 4
| #define SIZEOF_LONG 4
| /* end confdefs.h.  */
| #include <stdio.h>
| #ifdef HAVE_SYS_TYPES_H
| # include <sys/types.h>
| #endif
| #ifdef HAVE_SYS_STAT_H
| # include <sys/stat.h>
| #endif
| #ifdef STDC_HEADERS
| # include <stdlib.h>
| # include <stddef.h>
| #else
| # ifdef HAVE_STDLIB_H
| #  include <stdlib.h>
| # endif
| #endif
| #ifdef HAVE_STRING_H
| # if !defined STDC_HEADERS && defined HAVE_MEMORY_H
| #  include <memory.h>
| # endif
| # include <string.h>
| #endif
| #ifdef HAVE_STRINGS_H
| # include <strings.h>
| #endif
| #ifdef HAVE_INTTYPES_H
| # include <inttypes.h>
| #endif
| #ifdef HAVE_STDINT_H
| # include <stdint.h>
| #endif
| #ifdef HAVE_UNISTD_H
| # include <unistd.h>
| #endif
|    typedef long long ac__type_sizeof_;
| int
| main ()
| {
| static int test_array [1 - 2 * !(((long int) (sizeof (ac__type_sizeof_))) <= 1)];
| test_array [0] = 0
| 
|   ;
|   return 0;
| }
configure:7216: arm-none-linux-gnueabi-gcc -c -g -O2  conftest.c >&5
conftest.c: In function 'main':
conftest.c:66: error: size of array 'test_array' is negative
configure:7222: $? = 1
configure: failed program was:
| /* confdefs.h.  */
| #define PACKAGE_NAME ""
| #define PACKAGE_TARNAME ""
| #define PACKAGE_VERSION ""
| #define PACKAGE_STRING ""
| #define PACKAGE_BUGREPORT ""
| #define inline inline
| #define HAVE___ATTRIBUTE__ 1
| #define __ATTRIBUTE___FORMAT_OK_FOR_FUNCTION_POINTERS 1
| #define STDC_HEADERS 1
| #define HAVE_SYS_TYPES_H 1
| #define HAVE_SYS_STAT_H 1
| #define HAVE_STDLIB_H 1
| #define HAVE_STRING_H 1
| #define HAVE_MEMORY_H 1
| #define HAVE_STRINGS_H 1
| #define HAVE_INTTYPES_H 1
| #define HAVE_STDINT_H 1
| #define HAVE_UNISTD_H 1
| #define HAVE_FCNTL_H 1
| #define HAVE_NETINET_IF_ETHER_H 1
| #define TIME_WITH_SYS_TIME 1
| #define TCPDUMP_DO_SMB 1
| #define SIZEOF_CHAR 1
| #define SIZEOF_SHORT 2
| #define SIZEOF_INT 4
| #define SIZEOF_LONG 4
| /* end confdefs.h.  */
| #include <stdio.h>
| #ifdef HAVE_SYS_TYPES_H
| # include <sys/types.h>
| #endif
| #ifdef HAVE_SYS_STAT_H
| # include <sys/stat.h>
| #endif
| #ifdef STDC_HEADERS
| # include <stdlib.h>
| # include <stddef.h>
| #else
| # ifdef HAVE_STDLIB_H
| #  include <stdlib.h>
| # endif
| #endif
| #ifdef HAVE_STRING_H
| # if !defined STDC_HEADERS && defined HAVE_MEMORY_H
| #  include <memory.h>
| # endif
| # include <string.h>
| #endif
| #ifdef HAVE_STRINGS_H
| # include <strings.h>
| #endif
| #ifdef HAVE_INTTYPES_H
| # include <inttypes.h>
| #endif
| #ifdef HAVE_STDINT_H
| # include <stdint.h>
| #endif
| #ifdef HAVE_UNISTD_H
| # include <unistd.h>
| #endif
|    typedef long long ac__type_sizeof_;
| int
| main ()
| {
| static int test_array [1 - 2 * !(((long int) (sizeof (ac__type_sizeof_))) <= 3)];
| test_array [0] = 0
| 
|   ;
|   return 0;
| }
configure:7216: arm-none-linux-gnueabi-gcc -c -g -O2  conftest.c >&5
conftest.c: In function 'main':
conftest.c:66: error: size of array 'test_array' is negative
configure:7222: $? = 1
configure: failed program was:
| /* confdefs.h.  */
| #define PACKAGE_NAME ""
| #define PACKAGE_TARNAME ""
| #define PACKAGE_VERSION ""
| #define PACKAGE_STRING ""
| #define PACKAGE_BUGREPORT ""
| #define inline inline
| #define HAVE___ATTRIBUTE__ 1
| #define __ATTRIBUTE___FORMAT_OK_FOR_FUNCTION_POINTERS 1
| #define STDC_HEADERS 1
| #define HAVE_SYS_TYPES_H 1
| #define HAVE_SYS_STAT_H 1
| #define HAVE_STDLIB_H 1
| #define HAVE_STRING_H 1
| #define HAVE_MEMORY_H 1
| #define HAVE_STRINGS_H 1
| #define HAVE_INTTYPES_H 1
| #define HAVE_STDINT_H 1
| #define HAVE_UNISTD_H 1
| #define HAVE_FCNTL_H 1
| #define HAVE_NETINET_IF_ETHER_H 1
| #define TIME_WITH_SYS_TIME 1
| #define TCPDUMP_DO_SMB 1
| #define SIZEOF_CHAR 1
| #define SIZEOF_SHORT 2
| #define SIZEOF_INT 4
| #define SIZEOF_LONG 4
| /* end confdefs.h.  */
| #include <stdio.h>
| #ifdef HAVE_SYS_TYPES_H
| # include <sys/types.h>
| #endif
| #ifdef HAVE_SYS_STAT_H
| # include <sys/stat.h>
| #endif
| #ifdef STDC_HEADERS
| # include <stdlib.h>
| # include <stddef.h>
| #else
| # ifdef HAVE_STDLIB_H
| #  include <stdlib.h>
| # endif
| #endif
| #ifdef HAVE_STRING_H
| # if !defined STDC_HEADERS && defined HAVE_MEMORY_H
| #  include <memory.h>
| # endif
| # include <string.h>
| #endif
| #ifdef HAVE_STRINGS_H
| # include <strings.h>
| #endif
| #ifdef HAVE_INTTYPES_H
| # include <inttypes.h>
| #endif
| #ifdef HAVE_STDINT_H
| # include <stdint.h>
| #endif
| #ifdef HAVE_UNISTD_H
| # include <unistd.h>
| #endif
|    typedef long long ac__type_sizeof_;
| int
| main ()
| {
| static int test_array [1 - 2 * !(((long int) (sizeof (ac__type_sizeof_))) <= 7)];
| test_array [0] = 0
| 
|   ;
|   return 0;
| }
configure:7216: arm-none-linux-gnueabi-gcc -c -g -O2  conftest.c >&5
configure:7222: $? = 0
configure:7371: arm-none-linux-gnueabi-gcc -c -g -O2  conftest.c >&5
configure:7377: $? = 0
configure:7371: arm-none-linux-gnueabi-gcc -c -g -O2  conftest.c >&5
configure:7377: $? = 0
configure:7371: arm-none-linux-gnueabi-gcc -c -g -O2  conftest.c >&5
configure:7377: $? = 0
configure:7485: result: 8
configure:7497: checking for addrinfo
configure:7524: arm-none-linux-gnueabi-gcc -c -g -O2  conftest.c >&5
configure:7530: $? = 0
configure:7546: result: yes
configure:7565: checking for NI_MAXSERV
configure:7591: result: yes
configure:7605: checking for NI_NAMEREQD
configure:7631: result: yes
configure:7645: checking for sockaddr_storage
configure:7673: arm-none-linux-gnueabi-gcc -c -g -O2  conftest.c >&5
configure:7679: $? = 0
configure:7695: result: yes
configure:7710: checking for INADDRSZ
configure:7737: arm-none-linux-gnueabi-gcc -c -g -O2  conftest.c >&5
configure:7743: $? = 0
configure:7759: result: yes
configure:7769: checking for IN6ADDRSZ
configure:7796: arm-none-linux-gnueabi-gcc -c -g -O2  conftest.c >&5
configure:7802: $? = 0
configure:7818: result: yes
configure:7834: checking for RES_USE_INET6
configure:7863: arm-none-linux-gnueabi-gcc -c -g -O2  conftest.c >&5
configure:7869: $? = 0
configure:7885: result: yes
configure:7899: checking for res_state_ext
configure:7929: arm-none-linux-gnueabi-gcc -c -g -O2  conftest.c >&5
conftest.c:38: fatal error: netinet6/in6.h: No such file or directory
compilation terminated.
configure:7935: $? = 1
configure: failed program was:
| /* confdefs.h.  */
| #define PACKAGE_NAME ""
| #define PACKAGE_TARNAME ""
| #define PACKAGE_VERSION ""
| #define PACKAGE_STRING ""
| #define PACKAGE_BUGREPORT ""
| #define inline inline
| #define HAVE___ATTRIBUTE__ 1
| #define __ATTRIBUTE___FORMAT_OK_FOR_FUNCTION_POINTERS 1
| #define STDC_HEADERS 1
| #define HAVE_SYS_TYPES_H 1
| #define HAVE_SYS_STAT_H 1
| #define HAVE_STDLIB_H 1
| #define HAVE_STRING_H 1
| #define HAVE_MEMORY_H 1
| #define HAVE_STRINGS_H 1
| #define HAVE_INTTYPES_H 1
| #define HAVE_STDINT_H 1
| #define HAVE_UNISTD_H 1
| #define HAVE_FCNTL_H 1
| #define HAVE_NETINET_IF_ETHER_H 1
| #define TIME_WITH_SYS_TIME 1
| #define TCPDUMP_DO_SMB 1
| #define SIZEOF_CHAR 1
| #define SIZEOF_SHORT 2
| #define SIZEOF_INT 4
| #define SIZEOF_LONG 4
| #define SIZEOF_LONG_LONG 8
| #define HAVE_ADDRINFO 1
| #define HAVE_SOCKADDR_STORAGE 1
| #define HAVE_INADDRSZ 1
| #define HAVE_IN6ADDRSZ 1
| #define HAVE_RES_USE_INET6 1
| /* end confdefs.h.  */
| 
| #		include <sys/types.h>
| #		include <netinet/in.h>
| #		include <netinet6/in6.h>
| #		include <resolv.h>
| int
| main ()
| {
| struct __res_state_ext e
|   ;
|   return 0;
| }
configure:7951: result: no
configure:7965: checking for nsort in res_state
configure:7995: arm-none-linux-gnueabi-gcc -c -g -O2  conftest.c >&5
conftest.c:38: fatal error: netinet6/in6.h: No such file or directory
compilation terminated.
configure:8001: $? = 1
configure: failed program was:
| /* confdefs.h.  */
| #define PACKAGE_NAME ""
| #define PACKAGE_TARNAME ""
| #define PACKAGE_VERSION ""
| #define PACKAGE_STRING ""
| #define PACKAGE_BUGREPORT ""
| #define inline inline
| #define HAVE___ATTRIBUTE__ 1
| #define __ATTRIBUTE___FORMAT_OK_FOR_FUNCTION_POINTERS 1
| #define STDC_HEADERS 1
| #define HAVE_SYS_TYPES_H 1
| #define HAVE_SYS_STAT_H 1
| #define HAVE_STDLIB_H 1
| #define HAVE_STRING_H 1
| #define HAVE_MEMORY_H 1
| #define HAVE_STRINGS_H 1
| #define HAVE_INTTYPES_H 1
| #define HAVE_STDINT_H 1
| #define HAVE_UNISTD_H 1
| #define HAVE_FCNTL_H 1
| #define HAVE_NETINET_IF_ETHER_H 1
| #define TIME_WITH_SYS_TIME 1
| #define TCPDUMP_DO_SMB 1
| #define SIZEOF_CHAR 1
| #define SIZEOF_SHORT 2
| #define SIZEOF_INT 4
| #define SIZEOF_LONG 4
| #define SIZEOF_LONG_LONG 8
| #define HAVE_ADDRINFO 1
| #define HAVE_SOCKADDR_STORAGE 1
| #define HAVE_INADDRSZ 1
| #define HAVE_IN6ADDRSZ 1
| #define HAVE_RES_USE_INET6 1
| /* end confdefs.h.  */
| 
| #		include <sys/types.h>
| #		include <netinet/in.h>
| #		include <netinet6/in6.h>
| #		include <resolv.h>
| int
| main ()
| {
| struct __res_state e; e.nsort = 0
|   ;
|   return 0;
| }
configure:8017: result: no
configure:8037: checking for vfprintf
configure:8093: arm-none-linux-gnueabi-gcc -o conftest -g -O2   conftest.c  >&5
conftest.c:58: warning: conflicting types for built-in function 'vfprintf'
configure:8099: $? = 0
configure:8117: result: yes
configure:8037: checking for strcasecmp
configure:8093: arm-none-linux-gnueabi-gcc -o conftest -g -O2   conftest.c  >&5
conftest.c:59: warning: conflicting types for built-in function 'strcasecmp'
configure:8099: $? = 0
configure:8117: result: yes
configure:8037: checking for strlcat
configure:8093: arm-none-linux-gnueabi-gcc -o conftest -g -O2   conftest.c  >&5
/tmp/ccCcvUgx.o: In function `main':
/home/fengqian/tcpdump-4.1.1/conftest.c:71: undefined reference to `strlcat'
collect2: ld returned 1 exit status
configure:8099: $? = 1
configure: failed program was:
| /* confdefs.h.  */
| #define PACKAGE_NAME ""
| #define PACKAGE_TARNAME ""
| #define PACKAGE_VERSION ""
| #define PACKAGE_STRING ""
| #define PACKAGE_BUGREPORT ""
| #define inline inline
| #define HAVE___ATTRIBUTE__ 1
| #define __ATTRIBUTE___FORMAT_OK_FOR_FUNCTION_POINTERS 1
| #define STDC_HEADERS 1
| #define HAVE_SYS_TYPES_H 1
| #define HAVE_SYS_STAT_H 1
| #define HAVE_STDLIB_H 1
| #define HAVE_STRING_H 1
| #define HAVE_MEMORY_H 1
| #define HAVE_STRINGS_H 1
| #define HAVE_INTTYPES_H 1
| #define HAVE_STDINT_H 1
| #define HAVE_UNISTD_H 1
| #define HAVE_FCNTL_H 1
| #define HAVE_NETINET_IF_ETHER_H 1
| #define TIME_WITH_SYS_TIME 1
| #define TCPDUMP_DO_SMB 1
| #define SIZEOF_CHAR 1
| #define SIZEOF_SHORT 2
| #define SIZEOF_INT 4
| #define SIZEOF_LONG 4
| #define SIZEOF_LONG_LONG 8
| #define HAVE_ADDRINFO 1
| #define HAVE_SOCKADDR_STORAGE 1
| #define HAVE_INADDRSZ 1
| #define HAVE_IN6ADDRSZ 1
| #define HAVE_RES_USE_INET6 1
| #define HAVE_VFPRINTF 1
| #define HAVE_STRCASECMP 1
| /* end confdefs.h.  */
| /* Define strlcat to an innocuous variant, in case <limits.h> declares strlcat.
|    For example, HP-UX 11i <limits.h> declares gettimeofday.  */
| #define strlcat innocuous_strlcat
| 
| /* System header to define __stub macros and hopefully few prototypes,
|     which can conflict with char strlcat (); below.
|     Prefer <limits.h> to <assert.h> if __STDC__ is defined, since
|     <limits.h> exists even on freestanding compilers.  */
| 
| #ifdef __STDC__
| # include <limits.h>
| #else
| # include <assert.h>
| #endif
| 
| #undef strlcat
| 
| /* Override any GCC internal prototype to avoid an error.
|    Use char because int might match the return type of a GCC
|    builtin and then its argument prototype would still apply.  */
| #ifdef __cplusplus
| extern "C"
| #endif
| char strlcat ();
| /* The GNU C library defines this for functions which it implements
|     to always fail with ENOSYS.  Some functions are actually named
|     something starting with __ and the normal name is an alias.  */
| #if defined __stub_strlcat || defined __stub___strlcat
| choke me
| #endif
| 
| int
| main ()
| {
| return strlcat ();
|   ;
|   return 0;
| }
configure:8117: result: no
configure:8037: checking for strlcpy
configure:8093: arm-none-linux-gnueabi-gcc -o conftest -g -O2   conftest.c  >&5
/tmp/ccE8pUl9.o: In function `main':
/home/fengqian/tcpdump-4.1.1/conftest.c:71: undefined reference to `strlcpy'
collect2: ld returned 1 exit status
configure:8099: $? = 1
configure: failed program was:
| /* confdefs.h.  */
| #define PACKAGE_NAME ""
| #define PACKAGE_TARNAME ""
| #define PACKAGE_VERSION ""
| #define PACKAGE_STRING ""
| #define PACKAGE_BUGREPORT ""
| #define inline inline
| #define HAVE___ATTRIBUTE__ 1
| #define __ATTRIBUTE___FORMAT_OK_FOR_FUNCTION_POINTERS 1
| #define STDC_HEADERS 1
| #define HAVE_SYS_TYPES_H 1
| #define HAVE_SYS_STAT_H 1
| #define HAVE_STDLIB_H 1
| #define HAVE_STRING_H 1
| #define HAVE_MEMORY_H 1
| #define HAVE_STRINGS_H 1
| #define HAVE_INTTYPES_H 1
| #define HAVE_STDINT_H 1
| #define HAVE_UNISTD_H 1
| #define HAVE_FCNTL_H 1
| #define HAVE_NETINET_IF_ETHER_H 1
| #define TIME_WITH_SYS_TIME 1
| #define TCPDUMP_DO_SMB 1
| #define SIZEOF_CHAR 1
| #define SIZEOF_SHORT 2
| #define SIZEOF_INT 4
| #define SIZEOF_LONG 4
| #define SIZEOF_LONG_LONG 8
| #define HAVE_ADDRINFO 1
| #define HAVE_SOCKADDR_STORAGE 1
| #define HAVE_INADDRSZ 1
| #define HAVE_IN6ADDRSZ 1
| #define HAVE_RES_USE_INET6 1
| #define HAVE_VFPRINTF 1
| #define HAVE_STRCASECMP 1
| /* end confdefs.h.  */
| /* Define strlcpy to an innocuous variant, in case <limits.h> declares strlcpy.
|    For example, HP-UX 11i <limits.h> declares gettimeofday.  */
| #define strlcpy innocuous_strlcpy
| 
| /* System header to define __stub macros and hopefully few prototypes,
|     which can conflict with char strlcpy (); below.
|     Prefer <limits.h> to <assert.h> if __STDC__ is defined, since
|     <limits.h> exists even on freestanding compilers.  */
| 
| #ifdef __STDC__
| # include <limits.h>
| #else
| # include <assert.h>
| #endif
| 
| #undef strlcpy
| 
| /* Override any GCC internal prototype to avoid an error.
|    Use char because int might match the return type of a GCC
|    builtin and then its argument prototype would still apply.  */
| #ifdef __cplusplus
| extern "C"
| #endif
| char strlcpy ();
| /* The GNU C library defines this for functions which it implements
|     to always fail with ENOSYS.  Some functions are actually named
|     something starting with __ and the normal name is an alias.  */
| #if defined __stub_strlcpy || defined __stub___strlcpy
| choke me
| #endif
| 
| int
| main ()
| {
| return strlcpy ();
|   ;
|   return 0;
| }
configure:8117: result: no
configure:8037: checking for strdup
configure:8093: arm-none-linux-gnueabi-gcc -o conftest -g -O2   conftest.c  >&5
conftest.c:60: warning: conflicting types for built-in function 'strdup'
configure:8099: $? = 0
configure:8117: result: yes
configure:8037: checking for strsep
configure:8093: arm-none-linux-gnueabi-gcc -o conftest -g -O2   conftest.c  >&5
configure:8099: $? = 0
configure:8117: result: yes
configure:8139: checking for strftime
configure:8195: arm-none-linux-gnueabi-gcc -o conftest -g -O2   conftest.c  >&5
conftest.c:62: warning: conflicting types for built-in function 'strftime'
configure:8201: $? = 0
configure:8219: result: yes
configure:8234: checking for setlinebuf
configure:8290: arm-none-linux-gnueabi-gcc -o conftest -g -O2   conftest.c  >&5
configure:8296: $? = 0
configure:8314: result: yes
configure:8234: checking for alarm
configure:8290: arm-none-linux-gnueabi-gcc -o conftest -g -O2   conftest.c  >&5
configure:8296: $? = 0
configure:8314: result: yes
configure:8331: checking for vsnprintf
configure:8387: arm-none-linux-gnueabi-gcc -o conftest -g -O2   conftest.c  >&5
conftest.c:65: warning: conflicting types for built-in function 'vsnprintf'
configure:8393: $? = 0
configure:8411: result: yes
configure:8331: checking for snprintf
configure:8387: arm-none-linux-gnueabi-gcc -o conftest -g -O2   conftest.c  >&5
conftest.c:66: warning: conflicting types for built-in function 'snprintf'
configure:8393: $? = 0
configure:8411: result: yes
configure:8433: checking return type of signal handlers
configure:8461: arm-none-linux-gnueabi-gcc -c -g -O2  conftest.c >&5
conftest.c: In function 'main':
conftest.c:50: error: void value not ignored as it ought to be
configure:8467: $? = 1
configure: failed program was:
| /* confdefs.h.  */
| #define PACKAGE_NAME ""
| #define PACKAGE_TARNAME ""
| #define PACKAGE_VERSION ""
| #define PACKAGE_STRING ""
| #define PACKAGE_BUGREPORT ""
| #define inline inline
| #define HAVE___ATTRIBUTE__ 1
| #define __ATTRIBUTE___FORMAT_OK_FOR_FUNCTION_POINTERS 1
| #define STDC_HEADERS 1
| #define HAVE_SYS_TYPES_H 1
| #define HAVE_SYS_STAT_H 1
| #define HAVE_STDLIB_H 1
| #define HAVE_STRING_H 1
| #define HAVE_MEMORY_H 1
| #define HAVE_STRINGS_H 1
| #define HAVE_INTTYPES_H 1
| #define HAVE_STDINT_H 1
| #define HAVE_UNISTD_H 1
| #define HAVE_FCNTL_H 1
| #define HAVE_NETINET_IF_ETHER_H 1
| #define TIME_WITH_SYS_TIME 1
| #define TCPDUMP_DO_SMB 1
| #define SIZEOF_CHAR 1
| #define SIZEOF_SHORT 2
| #define SIZEOF_INT 4
| #define SIZEOF_LONG 4
| #define SIZEOF_LONG_LONG 8
| #define HAVE_ADDRINFO 1
| #define HAVE_SOCKADDR_STORAGE 1
| #define HAVE_INADDRSZ 1
| #define HAVE_IN6ADDRSZ 1
| #define HAVE_RES_USE_INET6 1
| #define HAVE_VFPRINTF 1
| #define HAVE_STRCASECMP 1
| #define HAVE_STRDUP 1
| #define HAVE_STRSEP 1
| #define HAVE_STRFTIME 1
| #define HAVE_SETLINEBUF 1
| #define HAVE_ALARM 1
| #define HAVE_VSNPRINTF 1
| #define HAVE_SNPRINTF 1
| /* end confdefs.h.  */
| #include <sys/types.h>
| #include <signal.h>
| 
| int
| main ()
| {
| return *(signal (0, 0)) (0) == 1;
|   ;
|   return 0;
| }
configure:8482: result: void
configure:8518: checking for sigaction
configure:8574: arm-none-linux-gnueabi-gcc -o conftest -g -O2   conftest.c  >&5
configure:8580: $? = 0
configure:8598: result: yes
configure:8707: checking for library containing dnet_htoa
configure:8748: arm-none-linux-gnueabi-gcc -o conftest -g -O2   conftest.c  >&5
/tmp/ccc03UNp.o: In function `main':
/home/fengqian/tcpdump-4.1.1/conftest.c:58: undefined reference to `dnet_htoa'
collect2: ld returned 1 exit status
configure:8754: $? = 1
configure: failed program was:
| /* confdefs.h.  */
| #define PACKAGE_NAME ""
| #define PACKAGE_TARNAME ""
| #define PACKAGE_VERSION ""
| #define PACKAGE_STRING ""
| #define PACKAGE_BUGREPORT ""
| #define inline inline
| #define HAVE___ATTRIBUTE__ 1
| #define __ATTRIBUTE___FORMAT_OK_FOR_FUNCTION_POINTERS 1
| #define STDC_HEADERS 1
| #define HAVE_SYS_TYPES_H 1
| #define HAVE_SYS_STAT_H 1
| #define HAVE_STDLIB_H 1
| #define HAVE_STRING_H 1
| #define HAVE_MEMORY_H 1
| #define HAVE_STRINGS_H 1
| #define HAVE_INTTYPES_H 1
| #define HAVE_STDINT_H 1
| #define HAVE_UNISTD_H 1
| #define HAVE_FCNTL_H 1
| #define HAVE_NETINET_IF_ETHER_H 1
| #define TIME_WITH_SYS_TIME 1
| #define TCPDUMP_DO_SMB 1
| #define SIZEOF_CHAR 1
| #define SIZEOF_SHORT 2
| #define SIZEOF_INT 4
| #define SIZEOF_LONG 4
| #define SIZEOF_LONG_LONG 8
| #define HAVE_ADDRINFO 1
| #define HAVE_SOCKADDR_STORAGE 1
| #define HAVE_INADDRSZ 1
| #define HAVE_IN6ADDRSZ 1
| #define HAVE_RES_USE_INET6 1
| #define HAVE_VFPRINTF 1
| #define HAVE_STRCASECMP 1
| #define HAVE_STRDUP 1
| #define HAVE_STRSEP 1
| #define HAVE_STRFTIME 1
| #define HAVE_SETLINEBUF 1
| #define HAVE_ALARM 1
| #define HAVE_VSNPRINTF 1
| #define HAVE_SNPRINTF 1
| #define RETSIGTYPE void
| #define RETSIGVAL
| #define HAVE_SIGACTION 1
| /* end confdefs.h.  */
| 
| /* Override any GCC internal prototype to avoid an error.
|    Use char because int might match the return type of a GCC
|    builtin and then its argument prototype would still apply.  */
| #ifdef __cplusplus
| extern "C"
| #endif
| char dnet_htoa ();
| int
| main ()
| {
| return dnet_htoa ();
|   ;
|   return 0;
| }
configure:8748: arm-none-linux-gnueabi-gcc -o conftest -g -O2   conftest.c -ldnet   >&5
/home/fengqian/CodeSourcery/Sourcery_G++_Lite/bin/../lib/gcc/arm-none-linux-gnueabi/4.4.1/../../../../arm-none-linux-gnueabi/bin/ld: cannot find -ldnet
collect2: ld returned 1 exit status
configure:8754: $? = 1
configure: failed program was:
| /* confdefs.h.  */
| #define PACKAGE_NAME ""
| #define PACKAGE_TARNAME ""
| #define PACKAGE_VERSION ""
| #define PACKAGE_STRING ""
| #define PACKAGE_BUGREPORT ""
| #define inline inline
| #define HAVE___ATTRIBUTE__ 1
| #define __ATTRIBUTE___FORMAT_OK_FOR_FUNCTION_POINTERS 1
| #define STDC_HEADERS 1
| #define HAVE_SYS_TYPES_H 1
| #define HAVE_SYS_STAT_H 1
| #define HAVE_STDLIB_H 1
| #define HAVE_STRING_H 1
| #define HAVE_MEMORY_H 1
| #define HAVE_STRINGS_H 1
| #define HAVE_INTTYPES_H 1
| #define HAVE_STDINT_H 1
| #define HAVE_UNISTD_H 1
| #define HAVE_FCNTL_H 1
| #define HAVE_NETINET_IF_ETHER_H 1
| #define TIME_WITH_SYS_TIME 1
| #define TCPDUMP_DO_SMB 1
| #define SIZEOF_CHAR 1
| #define SIZEOF_SHORT 2
| #define SIZEOF_INT 4
| #define SIZEOF_LONG 4
| #define SIZEOF_LONG_LONG 8
| #define HAVE_ADDRINFO 1
| #define HAVE_SOCKADDR_STORAGE 1
| #define HAVE_INADDRSZ 1
| #define HAVE_IN6ADDRSZ 1
| #define HAVE_RES_USE_INET6 1
| #define HAVE_VFPRINTF 1
| #define HAVE_STRCASECMP 1
| #define HAVE_STRDUP 1
| #define HAVE_STRSEP 1
| #define HAVE_STRFTIME 1
| #define HAVE_SETLINEBUF 1
| #define HAVE_ALARM 1
| #define HAVE_VSNPRINTF 1
| #define HAVE_SNPRINTF 1
| #define RETSIGTYPE void
| #define RETSIGVAL
| #define HAVE_SIGACTION 1
| /* end confdefs.h.  */
| 
| /* Override any GCC internal prototype to avoid an error.
|    Use char because int might match the return type of a GCC
|    builtin and then its argument prototype would still apply.  */
| #ifdef __cplusplus
| extern "C"
| #endif
| char dnet_htoa ();
| int
| main ()
| {
| return dnet_htoa ();
|   ;
|   return 0;
| }
configure:8782: result: no
configure:8795: checking for main in -lrpc
configure:8824: arm-none-linux-gnueabi-gcc -o conftest -g -O2   conftest.c -lrpc   >&5
/home/fengqian/CodeSourcery/Sourcery_G++_Lite/bin/../lib/gcc/arm-none-linux-gnueabi/4.4.1/../../../../arm-none-linux-gnueabi/bin/ld: cannot find -lrpc
collect2: ld returned 1 exit status
configure:8830: $? = 1
configure: failed program was:
| /* confdefs.h.  */
| #define PACKAGE_NAME ""
| #define PACKAGE_TARNAME ""
| #define PACKAGE_VERSION ""
| #define PACKAGE_STRING ""
| #define PACKAGE_BUGREPORT ""
| #define inline inline
| #define HAVE___ATTRIBUTE__ 1
| #define __ATTRIBUTE___FORMAT_OK_FOR_FUNCTION_POINTERS 1
| #define STDC_HEADERS 1
| #define HAVE_SYS_TYPES_H 1
| #define HAVE_SYS_STAT_H 1
| #define HAVE_STDLIB_H 1
| #define HAVE_STRING_H 1
| #define HAVE_MEMORY_H 1
| #define HAVE_STRINGS_H 1
| #define HAVE_INTTYPES_H 1
| #define HAVE_STDINT_H 1
| #define HAVE_UNISTD_H 1
| #define HAVE_FCNTL_H 1
| #define HAVE_NETINET_IF_ETHER_H 1
| #define TIME_WITH_SYS_TIME 1
| #define TCPDUMP_DO_SMB 1
| #define SIZEOF_CHAR 1
| #define SIZEOF_SHORT 2
| #define SIZEOF_INT 4
| #define SIZEOF_LONG 4
| #define SIZEOF_LONG_LONG 8
| #define HAVE_ADDRINFO 1
| #define HAVE_SOCKADDR_STORAGE 1
| #define HAVE_INADDRSZ 1
| #define HAVE_IN6ADDRSZ 1
| #define HAVE_RES_USE_INET6 1
| #define HAVE_VFPRINTF 1
| #define HAVE_STRCASECMP 1
| #define HAVE_STRDUP 1
| #define HAVE_STRSEP 1
| #define HAVE_STRFTIME 1
| #define HAVE_SETLINEBUF 1
| #define HAVE_ALARM 1
| #define HAVE_VSNPRINTF 1
| #define HAVE_SNPRINTF 1
| #define RETSIGTYPE void
| #define RETSIGVAL
| #define HAVE_SIGACTION 1
| /* end confdefs.h.  */
| 
| 
| int
| main ()
| {
| return main ();
|   ;
|   return 0;
| }
configure:8848: result: no
configure:8859: checking for library containing getrpcbynumber
configure:8900: arm-none-linux-gnueabi-gcc -o conftest -g -O2   conftest.c  >&5
configure:8906: $? = 0
configure:8934: result: none required
configure:8952: checking for library containing gethostbyname
configure:8993: arm-none-linux-gnueabi-gcc -o conftest -g -O2   conftest.c  >&5
configure:8999: $? = 0
configure:9027: result: none required
configure:9105: checking for library containing socket
configure:9146: arm-none-linux-gnueabi-gcc -o conftest -g -O2   conftest.c  >&5
configure:9152: $? = 0
configure:9180: result: none required
configure:9255: checking for library containing putmsg
configure:9296: arm-none-linux-gnueabi-gcc -o conftest -g -O2   conftest.c  >&5
/tmp/ccEo4zvz.o: In function `main':
/home/fengqian/tcpdump-4.1.1/conftest.c:59: warning: warning: putmsg is not implemented and will always fail
configure:9302: $? = 0
configure:9330: result: none required
configure:9443: checking for local pcap library
configure:9615: result: ./../libpcap-1.1.1/libpcap.a
configure:9619: checking for pcap-config
configure:9637: found ./../libpcap-1.1.1/pcap-config
configure:9649: result: ./../libpcap-1.1.1/pcap-config
configure:9703: checking for pcap_list_datalinks
configure:9759: arm-none-linux-gnueabi-gcc -o conftest -g -O2   conftest.c ./../libpcap-1.1.1/libpcap.a   >&5
configure:9765: $? = 0
configure:9782: result: yes
configure:9800: checking for pcap_set_datalink
configure:9856: arm-none-linux-gnueabi-gcc -o conftest -g -O2   conftest.c ./../libpcap-1.1.1/libpcap.a   >&5
configure:9862: $? = 0
configure:9879: result: yes
configure:9888: checking for pcap_datalink_name_to_val
configure:9944: arm-none-linux-gnueabi-gcc -o conftest -g -O2   conftest.c ./../libpcap-1.1.1/libpcap.a   >&5
configure:9950: $? = 0
configure:9967: result: yes
configure:9975: checking for pcap_datalink_val_to_description
configure:10031: arm-none-linux-gnueabi-gcc -o conftest -g -O2   conftest.c ./../libpcap-1.1.1/libpcap.a   >&5
configure:10037: $? = 0
configure:10054: result: yes
configure:10089: checking for pcap_breakloop
configure:10145: arm-none-linux-gnueabi-gcc -o conftest -g -O2   conftest.c ./../libpcap-1.1.1/libpcap.a   >&5
configure:10151: $? = 0
configure:10169: result: yes
configure:10180: checking for pcap_dump_ftell
configure:10236: arm-none-linux-gnueabi-gcc -o conftest -g -O2   conftest.c ./../libpcap-1.1.1/libpcap.a   >&5
configure:10242: $? = 0
configure:10259: result: yes
configure:10291: checking for inet_ntop
configure:10318: arm-none-linux-gnueabi-gcc -o conftest -g -O2   conftest.c ./../libpcap-1.1.1/libpcap.a   >&5
configure:10324: $? = 0
configure:10330: result: yes
configure:10348: checking for inet_pton
configure:10375: arm-none-linux-gnueabi-gcc -o conftest -g -O2   conftest.c ./../libpcap-1.1.1/libpcap.a   >&5
configure:10381: $? = 0
configure:10387: result: yes
configure:10405: checking for inet_aton
configure:10432: arm-none-linux-gnueabi-gcc -o conftest -g -O2   conftest.c ./../libpcap-1.1.1/libpcap.a   >&5
configure:10438: $? = 0
configure:10444: result: yes
configure:10480: checking for ether_ntohost
configure:10536: arm-none-linux-gnueabi-gcc -o conftest -g -O2   conftest.c ./../libpcap-1.1.1/libpcap.a   >&5
configure:10542: $? = 0
configure:10560: result: yes
configure:10567: checking for buggy ether_ntohost
configure:10633: result: not while cross-compiling
configure:11044: checking for dlpi_walk in -ldlpi
configure:11079: arm-none-linux-gnueabi-gcc -o conftest -g -O2   conftest.c -ldlpi -L/lib ./../libpcap-1.1.1/libpcap.a   >&5
/home/fengqian/CodeSourcery/Sourcery_G++_Lite/bin/../lib/gcc/arm-none-linux-gnueabi/4.4.1/../../../../arm-none-linux-gnueabi/bin/ld: warning: library search path "/lib" is unsafe for cross-compilation
/home/fengqian/CodeSourcery/Sourcery_G++_Lite/bin/../lib/gcc/arm-none-linux-gnueabi/4.4.1/../../../../arm-none-linux-gnueabi/bin/ld: cannot find -ldlpi
collect2: ld returned 1 exit status
configure:11085: $? = 1
configure: failed program was:
| /* confdefs.h.  */
| #define PACKAGE_NAME ""
| #define PACKAGE_TARNAME ""
| #define PACKAGE_VERSION ""
| #define PACKAGE_STRING ""
| #define PACKAGE_BUGREPORT ""
| #define inline inline
| #define HAVE___ATTRIBUTE__ 1
| #define __ATTRIBUTE___FORMAT_OK_FOR_FUNCTION_POINTERS 1
| #define STDC_HEADERS 1
| #define HAVE_SYS_TYPES_H 1
| #define HAVE_SYS_STAT_H 1
| #define HAVE_STDLIB_H 1
| #define HAVE_STRING_H 1
| #define HAVE_MEMORY_H 1
| #define HAVE_STRINGS_H 1
| #define HAVE_INTTYPES_H 1
| #define HAVE_STDINT_H 1
| #define HAVE_UNISTD_H 1
| #define HAVE_FCNTL_H 1
| #define HAVE_NETINET_IF_ETHER_H 1
| #define TIME_WITH_SYS_TIME 1
| #define TCPDUMP_DO_SMB 1
| #define SIZEOF_CHAR 1
| #define SIZEOF_SHORT 2
| #define SIZEOF_INT 4
| #define SIZEOF_LONG 4
| #define SIZEOF_LONG_LONG 8
| #define HAVE_ADDRINFO 1
| #define HAVE_SOCKADDR_STORAGE 1
| #define HAVE_INADDRSZ 1
| #define HAVE_IN6ADDRSZ 1
| #define HAVE_RES_USE_INET6 1
| #define HAVE_VFPRINTF 1
| #define HAVE_STRCASECMP 1
| #define HAVE_STRDUP 1
| #define HAVE_STRSEP 1
| #define HAVE_STRFTIME 1
| #define HAVE_SETLINEBUF 1
| #define HAVE_ALARM 1
| #define HAVE_VSNPRINTF 1
| #define HAVE_SNPRINTF 1
| #define RETSIGTYPE void
| #define RETSIGVAL
| #define HAVE_SIGACTION 1
| #define HAVE_GETRPCBYNUMBER 1
| #define HAVE_PCAP_LIST_DATALINKS 1
| #define HAVE_PCAP_SET_DATALINK 1
| #define HAVE_PCAP_DATALINK_NAME_TO_VAL 1
| #define HAVE_PCAP_DATALINK_VAL_TO_DESCRIPTION 1
| #define HAVE_PCAP_BREAKLOOP 1
| #define HAVE_PCAP_DUMP_FTELL 1
| #define HAVE_ETHER_NTOHOST 1
| /* end confdefs.h.  */
| 
| /* Override any GCC internal prototype to avoid an error.
|    Use char because int might match the return type of a GCC
|    builtin and then its argument prototype would still apply.  */
| #ifdef __cplusplus
| extern "C"
| #endif
| char dlpi_walk ();
| int
| main ()
| {
| return dlpi_walk ();
|   ;
|   return 0;
| }
configure:11103: result: no
configure:11111: checking if sockaddr struct has sa_len member
configure:11139: arm-none-linux-gnueabi-gcc -c -g -O2  conftest.c >&5
conftest.c: In function 'main':
conftest.c:61: error: 'struct sockaddr' has no member named 'sa_len'
configure:11145: $? = 1
configure: failed program was:
| /* confdefs.h.  */
| #define PACKAGE_NAME ""
| #define PACKAGE_TARNAME ""
| #define PACKAGE_VERSION ""
| #define PACKAGE_STRING ""
| #define PACKAGE_BUGREPORT ""
| #define inline inline
| #define HAVE___ATTRIBUTE__ 1
| #define __ATTRIBUTE___FORMAT_OK_FOR_FUNCTION_POINTERS 1
| #define STDC_HEADERS 1
| #define HAVE_SYS_TYPES_H 1
| #define HAVE_SYS_STAT_H 1
| #define HAVE_STDLIB_H 1
| #define HAVE_STRING_H 1
| #define HAVE_MEMORY_H 1
| #define HAVE_STRINGS_H 1
| #define HAVE_INTTYPES_H 1
| #define HAVE_STDINT_H 1
| #define HAVE_UNISTD_H 1
| #define HAVE_FCNTL_H 1
| #define HAVE_NETINET_IF_ETHER_H 1
| #define TIME_WITH_SYS_TIME 1
| #define TCPDUMP_DO_SMB 1
| #define SIZEOF_CHAR 1
| #define SIZEOF_SHORT 2
| #define SIZEOF_INT 4
| #define SIZEOF_LONG 4
| #define SIZEOF_LONG_LONG 8
| #define HAVE_ADDRINFO 1
| #define HAVE_SOCKADDR_STORAGE 1
| #define HAVE_INADDRSZ 1
| #define HAVE_IN6ADDRSZ 1
| #define HAVE_RES_USE_INET6 1
| #define HAVE_VFPRINTF 1
| #define HAVE_STRCASECMP 1
| #define HAVE_STRDUP 1
| #define HAVE_STRSEP 1
| #define HAVE_STRFTIME 1
| #define HAVE_SETLINEBUF 1
| #define HAVE_ALARM 1
| #define HAVE_VSNPRINTF 1
| #define HAVE_SNPRINTF 1
| #define RETSIGTYPE void
| #define RETSIGVAL
| #define HAVE_SIGACTION 1
| #define HAVE_GETRPCBYNUMBER 1
| #define HAVE_PCAP_LIST_DATALINKS 1
| #define HAVE_PCAP_SET_DATALINK 1
| #define HAVE_PCAP_DATALINK_NAME_TO_VAL 1
| #define HAVE_PCAP_DATALINK_VAL_TO_DESCRIPTION 1
| #define HAVE_PCAP_BREAKLOOP 1
| #define HAVE_PCAP_DUMP_FTELL 1
| #define HAVE_ETHER_NTOHOST 1
| /* end confdefs.h.  */
| 
| #		include <sys/types.h>
| #		include <sys/socket.h>
| int
| main ()
| {
| u_int i = sizeof(((struct sockaddr *)0)->sa_len)
|   ;
|   return 0;
| }
configure:11161: result: no
configure:11181: checking for pcap_create
configure:11237: arm-none-linux-gnueabi-gcc -o conftest -g -O2   conftest.c ./../libpcap-1.1.1/libpcap.a   >&5
configure:11243: $? = 0
configure:11261: result: yes
configure:11278: checking for pcap_findalldevs
configure:11334: arm-none-linux-gnueabi-gcc -o conftest -g -O2   conftest.c ./../libpcap-1.1.1/libpcap.a   >&5
configure:11340: $? = 0
configure:11358: result: yes
configure:11278: checking for pcap_dump_flush
configure:11334: arm-none-linux-gnueabi-gcc -o conftest -g -O2   conftest.c ./../libpcap-1.1.1/libpcap.a   >&5
configure:11340: $? = 0
configure:11358: result: yes
configure:11278: checking for pcap_lib_version
configure:11334: arm-none-linux-gnueabi-gcc -o conftest -g -O2   conftest.c ./../libpcap-1.1.1/libpcap.a   >&5
configure:11340: $? = 0
configure:11358: result: yes
configure:11371: checking for pcap_if_t
configure:11402: arm-none-linux-gnueabi-gcc -c -g -O2  -I./../libpcap-1.1.1  conftest.c >&5
configure:11408: $? = 0
configure:11423: result: yes
configure:11499: checking whether pcap_debug is defined by libpcap
configure:11526: arm-none-linux-gnueabi-gcc -o conftest -g -O2   conftest.c ./../libpcap-1.1.1/libpcap.a   >&5
/tmp/cc8A4Y7F.o: In function `main':
/home/fengqian/tcpdump-4.1.1/conftest.c:71: undefined reference to `pcap_debug'
collect2: ld returned 1 exit status
configure:11532: $? = 1
configure: failed program was:
| /* confdefs.h.  */
| #define PACKAGE_NAME ""
| #define PACKAGE_TARNAME ""
| #define PACKAGE_VERSION ""
| #define PACKAGE_STRING ""
| #define PACKAGE_BUGREPORT ""
| #define inline inline
| #define HAVE___ATTRIBUTE__ 1
| #define __ATTRIBUTE___FORMAT_OK_FOR_FUNCTION_POINTERS 1
| #define STDC_HEADERS 1
| #define HAVE_SYS_TYPES_H 1
| #define HAVE_SYS_STAT_H 1
| #define HAVE_STDLIB_H 1
| #define HAVE_STRING_H 1
| #define HAVE_MEMORY_H 1
| #define HAVE_STRINGS_H 1
| #define HAVE_INTTYPES_H 1
| #define HAVE_STDINT_H 1
| #define HAVE_UNISTD_H 1
| #define HAVE_FCNTL_H 1
| #define HAVE_NETINET_IF_ETHER_H 1
| #define TIME_WITH_SYS_TIME 1
| #define TCPDUMP_DO_SMB 1
| #define SIZEOF_CHAR 1
| #define SIZEOF_SHORT 2
| #define SIZEOF_INT 4
| #define SIZEOF_LONG 4
| #define SIZEOF_LONG_LONG 8
| #define HAVE_ADDRINFO 1
| #define HAVE_SOCKADDR_STORAGE 1
| #define HAVE_INADDRSZ 1
| #define HAVE_IN6ADDRSZ 1
| #define HAVE_RES_USE_INET6 1
| #define HAVE_VFPRINTF 1
| #define HAVE_STRCASECMP 1
| #define HAVE_STRDUP 1
| #define HAVE_STRSEP 1
| #define HAVE_STRFTIME 1
| #define HAVE_SETLINEBUF 1
| #define HAVE_ALARM 1
| #define HAVE_VSNPRINTF 1
| #define HAVE_SNPRINTF 1
| #define RETSIGTYPE void
| #define RETSIGVAL
| #define HAVE_SIGACTION 1
| #define HAVE_GETRPCBYNUMBER 1
| #define HAVE_PCAP_LIST_DATALINKS 1
| #define HAVE_PCAP_SET_DATALINK 1
| #define HAVE_PCAP_DATALINK_NAME_TO_VAL 1
| #define HAVE_PCAP_DATALINK_VAL_TO_DESCRIPTION 1
| #define HAVE_PCAP_BREAKLOOP 1
| #define HAVE_PCAP_DUMP_FTELL 1
| #define HAVE_ETHER_NTOHOST 1
| #define HAVE_PCAP_CREATE 1
| #define HAVE_PCAP_FINDALLDEVS 1
| #define HAVE_PCAP_DUMP_FLUSH 1
| #define HAVE_PCAP_LIB_VERSION 1
| #define HAVE_PCAP_IF_T 1
| /* end confdefs.h.  */
| 
| int
| main ()
| {
| 
| 	extern int pcap_debug;
| 
| 	return pcap_debug;
| 
|   ;
|   return 0;
| }
configure:11556: result: no
configure:11561: checking whether yydebug is defined by libpcap
configure:11588: arm-none-linux-gnueabi-gcc -o conftest -g -O2   conftest.c ./../libpcap-1.1.1/libpcap.a   >&5
/tmp/ccOnrl14.o: In function `main':
/home/fengqian/tcpdump-4.1.1/conftest.c:71: undefined reference to `yydebug'
collect2: ld returned 1 exit status
configure:11594: $? = 1
configure: failed program was:
| /* confdefs.h.  */
| #define PACKAGE_NAME ""
| #define PACKAGE_TARNAME ""
| #define PACKAGE_VERSION ""
| #define PACKAGE_STRING ""
| #define PACKAGE_BUGREPORT ""
| #define inline inline
| #define HAVE___ATTRIBUTE__ 1
| #define __ATTRIBUTE___FORMAT_OK_FOR_FUNCTION_POINTERS 1
| #define STDC_HEADERS 1
| #define HAVE_SYS_TYPES_H 1
| #define HAVE_SYS_STAT_H 1
| #define HAVE_STDLIB_H 1
| #define HAVE_STRING_H 1
| #define HAVE_MEMORY_H 1
| #define HAVE_STRINGS_H 1
| #define HAVE_INTTYPES_H 1
| #define HAVE_STDINT_H 1
| #define HAVE_UNISTD_H 1
| #define HAVE_FCNTL_H 1
| #define HAVE_NETINET_IF_ETHER_H 1
| #define TIME_WITH_SYS_TIME 1
| #define TCPDUMP_DO_SMB 1
| #define SIZEOF_CHAR 1
| #define SIZEOF_SHORT 2
| #define SIZEOF_INT 4
| #define SIZEOF_LONG 4
| #define SIZEOF_LONG_LONG 8
| #define HAVE_ADDRINFO 1
| #define HAVE_SOCKADDR_STORAGE 1
| #define HAVE_INADDRSZ 1
| #define HAVE_IN6ADDRSZ 1
| #define HAVE_RES_USE_INET6 1
| #define HAVE_VFPRINTF 1
| #define HAVE_STRCASECMP 1
| #define HAVE_STRDUP 1
| #define HAVE_STRSEP 1
| #define HAVE_STRFTIME 1
| #define HAVE_SETLINEBUF 1
| #define HAVE_ALARM 1
| #define HAVE_VSNPRINTF 1
| #define HAVE_SNPRINTF 1
| #define RETSIGTYPE void
| #define RETSIGVAL
| #define HAVE_SIGACTION 1
| #define HAVE_GETRPCBYNUMBER 1
| #define HAVE_PCAP_LIST_DATALINKS 1
| #define HAVE_PCAP_SET_DATALINK 1
| #define HAVE_PCAP_DATALINK_NAME_TO_VAL 1
| #define HAVE_PCAP_DATALINK_VAL_TO_DESCRIPTION 1
| #define HAVE_PCAP_BREAKLOOP 1
| #define HAVE_PCAP_DUMP_FTELL 1
| #define HAVE_ETHER_NTOHOST 1
| #define HAVE_PCAP_CREATE 1
| #define HAVE_PCAP_FINDALLDEVS 1
| #define HAVE_PCAP_DUMP_FLUSH 1
| #define HAVE_PCAP_LIB_VERSION 1
| #define HAVE_PCAP_IF_T 1
| /* end confdefs.h.  */
| 
| int
| main ()
| {
| 
| 		extern int yydebug;
| 
| 		return yydebug;
| 
|   ;
|   return 0;
| }
configure:11618: result: no
configure:11626: checking for bpf_dump
configure:11682: arm-none-linux-gnueabi-gcc -o conftest -g -O2   conftest.c ./../libpcap-1.1.1/libpcap.a   >&5
configure:11688: $? = 0
configure:11706: result: yes
configure:11807: checking pcap/bluetooth.h usability
configure:11824: arm-none-linux-gnueabi-gcc -c -g -O2  -I./../libpcap-1.1.1  conftest.c >&5
configure:11830: $? = 0
configure:11844: result: yes
configure:11848: checking pcap/bluetooth.h presence
configure:11863: arm-none-linux-gnueabi-gcc -E  -I./../libpcap-1.1.1  conftest.c
configure:11869: $? = 0
configure:11883: result: yes
configure:11911: checking for pcap/bluetooth.h
configure:11919: result: yes
configure:11947: checking pcap/usb.h usability
configure:11964: arm-none-linux-gnueabi-gcc -c -g -O2  -I./../libpcap-1.1.1  conftest.c >&5
configure:11970: $? = 0
configure:11984: result: yes
configure:11988: checking pcap/usb.h presence
configure:12003: arm-none-linux-gnueabi-gcc -E  -I./../libpcap-1.1.1  conftest.c
configure:12009: $? = 0
configure:12023: result: yes
configure:12051: checking for pcap/usb.h
configure:12059: result: yes
configure:12089: checking sys/bitypes.h usability
configure:12106: arm-none-linux-gnueabi-gcc -c -g -O2  conftest.c >&5
configure:12112: $? = 0
configure:12126: result: yes
configure:12130: checking sys/bitypes.h presence
configure:12145: arm-none-linux-gnueabi-gcc -E  conftest.c
configure:12151: $? = 0
configure:12165: result: yes
configure:12193: checking for sys/bitypes.h
configure:12201: result: yes
configure:12215: checking for int8_t
configure:12249: arm-none-linux-gnueabi-gcc -c -g -O2  conftest.c >&5
configure:12255: $? = 0
configure:12270: result: yes
configure:12282: checking for u_int8_t
configure:12316: arm-none-linux-gnueabi-gcc -c -g -O2  conftest.c >&5
configure:12322: $? = 0
configure:12337: result: yes
configure:12349: checking for int16_t
configure:12379: arm-none-linux-gnueabi-gcc -c -g -O2  conftest.c >&5
configure:12385: $? = 0
configure:12400: result: yes
configure:12416: checking for u_int16_t
configure:12450: arm-none-linux-gnueabi-gcc -c -g -O2  conftest.c >&5
configure:12456: $? = 0
configure:12471: result: yes
configure:12483: checking for int32_t
configure:12517: arm-none-linux-gnueabi-gcc -c -g -O2  conftest.c >&5
configure:12523: $? = 0
configure:12538: result: yes
configure:12550: checking for u_int32_t
configure:12584: arm-none-linux-gnueabi-gcc -c -g -O2  conftest.c >&5
configure:12590: $? = 0
configure:12605: result: yes
configure:12617: checking for int64_t
configure:12651: arm-none-linux-gnueabi-gcc -c -g -O2  conftest.c >&5
configure:12657: $? = 0
configure:12672: result: yes
configure:12684: checking for u_int64_t
configure:12718: arm-none-linux-gnueabi-gcc -c -g -O2  conftest.c >&5
configure:12724: $? = 0
configure:12739: result: yes
configure:12761: checking for inttypes.h
configure:12767: result: yes
configure:12895: checking whether inttypes.h defines the PRI[doxu]64 macros
configure:12928: arm-none-linux-gnueabi-gcc -c -g -O2  conftest.c >&5
configure:12934: $? = 0
configure:12940: result: yes
configure:13370: checking for arm-linux-ranlib
configure:13400: result: no
configure:13410: checking for ranlib
configure:13426: found /usr/bin/ranlib
configure:13437: result: ranlib
configure:13451: WARNING: In the future, Autoconf will not detect cross-tools
whose name does not start with the host triplet.  If you think this
configuration is useful to you, please write to autoconf@gnu.org.
configure:13505: checking if sockaddr struct has the sa_len member
configure:13533: arm-none-linux-gnueabi-gcc -c -g -O2  conftest.c >&5
conftest.c: In function 'main':
conftest.c:71: error: 'struct sockaddr' has no member named 'sa_len'
configure:13539: $? = 1
configure: failed program was:
| /* confdefs.h.  */
| #define PACKAGE_NAME ""
| #define PACKAGE_TARNAME ""
| #define PACKAGE_VERSION ""
| #define PACKAGE_STRING ""
| #define PACKAGE_BUGREPORT ""
| #define inline inline
| #define HAVE___ATTRIBUTE__ 1
| #define __ATTRIBUTE___FORMAT_OK_FOR_FUNCTION_POINTERS 1
| #define STDC_HEADERS 1
| #define HAVE_SYS_TYPES_H 1
| #define HAVE_SYS_STAT_H 1
| #define HAVE_STDLIB_H 1
| #define HAVE_STRING_H 1
| #define HAVE_MEMORY_H 1
| #define HAVE_STRINGS_H 1
| #define HAVE_INTTYPES_H 1
| #define HAVE_STDINT_H 1
| #define HAVE_UNISTD_H 1
| #define HAVE_FCNTL_H 1
| #define HAVE_NETINET_IF_ETHER_H 1
| #define TIME_WITH_SYS_TIME 1
| #define TCPDUMP_DO_SMB 1
| #define SIZEOF_CHAR 1
| #define SIZEOF_SHORT 2
| #define SIZEOF_INT 4
| #define SIZEOF_LONG 4
| #define SIZEOF_LONG_LONG 8
| #define HAVE_ADDRINFO 1
| #define HAVE_SOCKADDR_STORAGE 1
| #define HAVE_INADDRSZ 1
| #define HAVE_IN6ADDRSZ 1
| #define HAVE_RES_USE_INET6 1
| #define HAVE_VFPRINTF 1
| #define HAVE_STRCASECMP 1
| #define HAVE_STRDUP 1
| #define HAVE_STRSEP 1
| #define HAVE_STRFTIME 1
| #define HAVE_SETLINEBUF 1
| #define HAVE_ALARM 1
| #define HAVE_VSNPRINTF 1
| #define HAVE_SNPRINTF 1
| #define RETSIGTYPE void
| #define RETSIGVAL
| #define HAVE_SIGACTION 1
| #define HAVE_GETRPCBYNUMBER 1
| #define HAVE_PCAP_LIST_DATALINKS 1
| #define HAVE_PCAP_SET_DATALINK 1
| #define HAVE_PCAP_DATALINK_NAME_TO_VAL 1
| #define HAVE_PCAP_DATALINK_VAL_TO_DESCRIPTION 1
| #define HAVE_PCAP_BREAKLOOP 1
| #define HAVE_PCAP_DUMP_FTELL 1
| #define HAVE_ETHER_NTOHOST 1
| #define HAVE_PCAP_CREATE 1
| #define HAVE_PCAP_FINDALLDEVS 1
| #define HAVE_PCAP_DUMP_FLUSH 1
| #define HAVE_PCAP_LIB_VERSION 1
| #define HAVE_PCAP_IF_T 1
| #define HAVE_BPF_DUMP 1
| #define HAVE_PCAP_BLUETOOTH_H 1
| #define HAVE_PCAP_USB_H 1
| #define HAVE_SYS_BITYPES_H 1
| #define HAVE_INTTYPES_H 1
| /* end confdefs.h.  */
| 
| #	include <sys/types.h>
| #	include <sys/socket.h>
| int
| main ()
| {
| u_int i = sizeof(((struct sockaddr *)0)->sa_len)
|   ;
|   return 0;
| }
configure:13555: result: no
configure:13565: checking if unaligned accesses fail
configure:13652: result: yes
configure:13663: checking for h_errno
configure:13691: arm-none-linux-gnueabi-gcc -c -g -O2  conftest.c >&5
configure:13697: $? = 0
configure:13713: result: yes
configure:13724: checking whether to use SSLeay libcrypto
configure:13755: result: yes, if available
configure:13767: checking where SSLeay is located
configure:13818: result: /usr
configure:13876: checking for DES_cbc_encrypt in -lcrypto
configure:13911: arm-none-linux-gnueabi-gcc -o conftest -g -O2   conftest.c -lcrypto  ./../libpcap-1.1.1/libpcap.a   >&5
/home/fengqian/CodeSourcery/Sourcery_G++_Lite/bin/../lib/gcc/arm-none-linux-gnueabi/4.4.1/../../../../arm-none-linux-gnueabi/bin/ld: cannot find -lcrypto
collect2: ld returned 1 exit status
configure:13917: $? = 1
configure: failed program was:
| /* confdefs.h.  */
| #define PACKAGE_NAME ""
| #define PACKAGE_TARNAME ""
| #define PACKAGE_VERSION ""
| #define PACKAGE_STRING ""
| #define PACKAGE_BUGREPORT ""
| #define inline inline
| #define HAVE___ATTRIBUTE__ 1
| #define __ATTRIBUTE___FORMAT_OK_FOR_FUNCTION_POINTERS 1
| #define STDC_HEADERS 1
| #define HAVE_SYS_TYPES_H 1
| #define HAVE_SYS_STAT_H 1
| #define HAVE_STDLIB_H 1
| #define HAVE_STRING_H 1
| #define HAVE_MEMORY_H 1
| #define HAVE_STRINGS_H 1
| #define HAVE_INTTYPES_H 1
| #define HAVE_STDINT_H 1
| #define HAVE_UNISTD_H 1
| #define HAVE_FCNTL_H 1
| #define HAVE_NETINET_IF_ETHER_H 1
| #define TIME_WITH_SYS_TIME 1
| #define TCPDUMP_DO_SMB 1
| #define SIZEOF_CHAR 1
| #define SIZEOF_SHORT 2
| #define SIZEOF_INT 4
| #define SIZEOF_LONG 4
| #define SIZEOF_LONG_LONG 8
| #define HAVE_ADDRINFO 1
| #define HAVE_SOCKADDR_STORAGE 1
| #define HAVE_INADDRSZ 1
| #define HAVE_IN6ADDRSZ 1
| #define HAVE_RES_USE_INET6 1
| #define HAVE_VFPRINTF 1
| #define HAVE_STRCASECMP 1
| #define HAVE_STRDUP 1
| #define HAVE_STRSEP 1
| #define HAVE_STRFTIME 1
| #define HAVE_SETLINEBUF 1
| #define HAVE_ALARM 1
| #define HAVE_VSNPRINTF 1
| #define HAVE_SNPRINTF 1
| #define RETSIGTYPE void
| #define RETSIGVAL
| #define HAVE_SIGACTION 1
| #define HAVE_GETRPCBYNUMBER 1
| #define HAVE_PCAP_LIST_DATALINKS 1
| #define HAVE_PCAP_SET_DATALINK 1
| #define HAVE_PCAP_DATALINK_NAME_TO_VAL 1
| #define HAVE_PCAP_DATALINK_VAL_TO_DESCRIPTION 1
| #define HAVE_PCAP_BREAKLOOP 1
| #define HAVE_PCAP_DUMP_FTELL 1
| #define HAVE_ETHER_NTOHOST 1
| #define HAVE_PCAP_CREATE 1
| #define HAVE_PCAP_FINDALLDEVS 1
| #define HAVE_PCAP_DUMP_FLUSH 1
| #define HAVE_PCAP_LIB_VERSION 1
| #define HAVE_PCAP_IF_T 1
| #define HAVE_BPF_DUMP 1
| #define HAVE_PCAP_BLUETOOTH_H 1
| #define HAVE_PCAP_USB_H 1
| #define HAVE_SYS_BITYPES_H 1
| #define HAVE_INTTYPES_H 1
| #define LBL_ALIGN 1
| #define HAVE_H_ERRNO 1
| /* end confdefs.h.  */
| 
| /* Override any GCC internal prototype to avoid an error.
|    Use char because int might match the return type of a GCC
|    builtin and then its argument prototype would still apply.  */
| #ifdef __cplusplus
| extern "C"
| #endif
| char DES_cbc_encrypt ();
| int
| main ()
| {
| return DES_cbc_encrypt ();
|   ;
|   return 0;
| }
configure:13935: result: no
configure:13963: checking openssl/evp.h usability
configure:13980: arm-none-linux-gnueabi-gcc -c -g -O2  -I./../libpcap-1.1.1  -I/usr/include conftest.c >&5
cc1: warning: include location "/usr/include" is unsafe for cross-compilation
configure:13986: $? = 0
configure:14000: result: yes
configure:14004: checking openssl/evp.h presence
configure:14019: arm-none-linux-gnueabi-gcc -E  -I./../libpcap-1.1.1  -I/usr/include conftest.c
cc1: warning: include location "/usr/include" is unsafe for cross-compilation
configure:14025: $? = 0
configure:14039: result: yes
configure:14067: checking for openssl/evp.h
configure:14075: result: yes
configure:14129: checking for a BSD-compatible install
configure:14185: result: /usr/bin/install -c
configure:14304: creating ./config.status

## ---------------------- ##
## Running config.status. ##
## ---------------------- ##

This file was extended by config.status, which was
generated by GNU Autoconf 2.61.  Invocation command line was

  CONFIG_FILES    = 
  CONFIG_HEADERS  = 
  CONFIG_LINKS    = 
  CONFIG_COMMANDS = 
  $ ./config.status 

on ubuntu

config.status:626: creating Makefile
config.status:761: WARNING:  Makefile.in seems to ignore the --datarootdir setting
config.status:626: creating tcpdump.1
config.status:626: creating config.h
config.status:915: executing default-1 commands

## ---------------- ##
## Cache variables. ##
## ---------------- ##

ac_cv___attribute__=yes
ac_cv___attribute___format_function_pointer=yes
ac_cv_addrinfo=yes
ac_cv_addrsz=yes
ac_cv_buggy_ether_ntohost='not while cross-compiling'
ac_cv_build=i686-pc-linux-gnu
ac_cv_c_compiler_gnu=yes
ac_cv_env_CC_set=set
ac_cv_env_CC_value=arm-none-linux-gnueabi-gcc
ac_cv_env_CFLAGS_set=
ac_cv_env_CFLAGS_value=
ac_cv_env_CPPFLAGS_set=
ac_cv_env_CPPFLAGS_value=
ac_cv_env_CPP_set=
ac_cv_env_CPP_value=
ac_cv_env_LDFLAGS_set=
ac_cv_env_LDFLAGS_value=
ac_cv_env_LIBS_set=
ac_cv_env_LIBS_value=
ac_cv_env_build_alias_set=
ac_cv_env_build_alias_value=
ac_cv_env_host_alias_set=set
ac_cv_env_host_alias_value=arm-linux
ac_cv_env_target_alias_set=
ac_cv_env_target_alias_value=
ac_cv_func_alarm=yes
ac_cv_func_bpf_dump=yes
ac_cv_func_ether_ntohost=yes
ac_cv_func_pcap_breakloop=yes
ac_cv_func_pcap_create=yes
ac_cv_func_pcap_datalink_name_to_val=yes
ac_cv_func_pcap_datalink_val_to_description=yes
ac_cv_func_pcap_dump_flush=yes
ac_cv_func_pcap_dump_ftell=yes
ac_cv_func_pcap_findalldevs=yes
ac_cv_func_pcap_lib_version=yes
ac_cv_func_pcap_list_datalinks=yes
ac_cv_func_pcap_set_datalink=yes
ac_cv_func_setlinebuf=yes
ac_cv_func_sigaction=yes
ac_cv_func_snprintf=yes
ac_cv_func_strcasecmp=yes
ac_cv_func_strdup=yes
ac_cv_func_strftime=yes
ac_cv_func_strlcat=no
ac_cv_func_strlcpy=no
ac_cv_func_strsep=yes
ac_cv_func_vfprintf=yes
ac_cv_func_vsnprintf=yes
ac_cv_header_fcntl_h=yes
ac_cv_header_inttypes_h=yes
ac_cv_header_memory_h=yes
ac_cv_header_net_pfvar_h=no
ac_cv_header_netdnet_dnetdb_h=no
ac_cv_header_netinet_if_ether_h=yes
ac_cv_header_openssl_evp_h=yes
ac_cv_header_pcap_bluetooth_h=yes
ac_cv_header_pcap_usb_h=yes
ac_cv_header_rpc_rpcent_h=no
ac_cv_header_smi_h=no
ac_cv_header_stdc=yes
ac_cv_header_stdint_h=yes
ac_cv_header_stdlib_h=yes
ac_cv_header_string_h=yes
ac_cv_header_strings_h=yes
ac_cv_header_sys_bitypes_h=yes
ac_cv_header_sys_stat_h=yes
ac_cv_header_sys_types_h=yes
ac_cv_header_time=yes
ac_cv_header_unistd_h=yes
ac_cv_host=arm-unknown-linux-gnu
ac_cv_in6addrsz=yes
ac_cv_inaddrsz=yes
ac_cv_lbl_gcc_vers=4
ac_cv_lbl_inline=inline
ac_cv_lbl_sockaddr_has_sa_len=no
ac_cv_lbl_unaligned_fail=yes
ac_cv_lib_crypto_DES_cbc_encrypt=no
ac_cv_lib_dlpi_dlpi_walk=no
ac_cv_lib_rpc_main=no
ac_cv_lib_smi_smiInit=no
ac_cv_linux_vers=2
ac_cv_maxserv=yes
ac_cv_namereqd=yes
ac_cv_objext=o
ac_cv_path_EGREP='/bin/grep -E'
ac_cv_path_GREP=/bin/grep
ac_cv_path_PCAP_CONFIG=./../libpcap-1.1.1/pcap-config
ac_cv_path_install='/usr/bin/install -c'
ac_cv_prog_CC=arm-none-linux-gnueabi-gcc
ac_cv_prog_CPP='arm-none-linux-gnueabi-gcc -E'
ac_cv_prog_ac_ct_RANLIB=ranlib
ac_cv_prog_cc_c89=
ac_cv_prog_cc_g=yes
ac_cv_res_inet6=yes
ac_cv_res_state=no
ac_cv_res_state_ext=no
ac_cv_sa_storage=yes
ac_cv_search_dnet_htoa=no
ac_cv_search_gethostbyname='none required'
ac_cv_search_getrpcbynumber='none required'
ac_cv_search_putmsg='none required'
ac_cv_search_socket='none required'
ac_cv_sizeof_char=1
ac_cv_sizeof_int=4
ac_cv_sizeof_long=4
ac_cv_sizeof_long_long=8
ac_cv_sizeof_short=2
ac_cv_sockaddr_has_sa_len=no
ac_cv_ssleay_path=/usr
ac_cv_type_char=yes
ac_cv_type_int16_t=yes
ac_cv_type_int32_t=yes
ac_cv_type_int64_t=yes
ac_cv_type_int8_t=yes
ac_cv_type_int=yes
ac_cv_type_long=yes
ac_cv_type_long_long=yes
ac_cv_type_pcap_if_t=yes
ac_cv_type_short=yes
ac_cv_type_signal=void
ac_cv_type_u_int16_t=yes
ac_cv_type_u_int32_t=yes
ac_cv_type_u_int64_t=yes
ac_cv_type_u_int8_t=yes
ac_cv_var_h_errno=yes
ac_lbl_cv_pcap_debug_defined=no
ac_lbl_cv_yydebug_defined=no
td_cv_decl_netdnet_dnetdb_h_dnet_htoa=no

## ----------------- ##
## Output variables. ##
## ----------------- ##

CC='arm-none-linux-gnueabi-gcc'
CFLAGS='-g -O2'
CPP='arm-none-linux-gnueabi-gcc -E'
CPPFLAGS=' -I./../libpcap-1.1.1  -I/usr/include -I$(srcdir)/missing'
DEFS='-DHAVE_CONFIG_H'
ECHO_C=''
ECHO_N='-n'
ECHO_T=''
EGREP='/bin/grep -E'
EXEEXT=''
GREP='/bin/grep'
INSTALL_DATA='${INSTALL} -m 644'
INSTALL_PROGRAM='${INSTALL}'
INSTALL_SCRIPT='${INSTALL}'
LDFLAGS=''
LIBOBJS=' ${LIBOBJDIR}strlcat$U.o ${LIBOBJDIR}strlcpy$U.o'
LIBS='./../libpcap-1.1.1/libpcap.a  '
LOCALSRC='print-smb.c smbutil.c '
LTLIBOBJS=' ${LIBOBJDIR}strlcat$U.lo ${LIBOBJDIR}strlcpy$U.lo'
MAN_FILE_FORMATS='5'
MAN_MISC_INFO='7'
OBJEXT='o'
PACKAGE_BUGREPORT=''
PACKAGE_NAME=''
PACKAGE_STRING=''
PACKAGE_TARNAME=''
PACKAGE_VERSION=''
PATH_SEPARATOR=':'
PCAP_CONFIG='./../libpcap-1.1.1/pcap-config'
RANLIB='ranlib'
SHELL='/bin/sh'
SHLICC2=''
V_CCOPT='-O2'
V_DEFS=' -D_U_="__attribute__((unused))"'
V_GROUP='0'
V_INCLS='-I./../libpcap-1.1.1  -I/usr/include -I$(srcdir)/missing'
V_PCAPDEP='./../libpcap-1.1.1/libpcap.a'
ac_ct_CC=''
bindir='${exec_prefix}/bin'
build='i686-pc-linux-gnu'
build_alias=''
build_cpu='i686'
build_os='linux-gnu'
build_vendor='pc'
datadir='${datarootdir}'
datarootdir='${prefix}/share'
docdir='${datarootdir}/doc/${PACKAGE}'
dvidir='${docdir}'
exec_prefix='${prefix}'
host='arm-unknown-linux-gnu'
host_alias='arm-linux'
host_cpu='arm'
host_os='linux-gnu'
host_vendor='unknown'
htmldir='${docdir}'
includedir='${prefix}/include'
infodir='${datarootdir}/info'
libdir='${exec_prefix}/lib'
libexecdir='${exec_prefix}/libexec'
localedir='${datarootdir}/locale'
localstatedir='${prefix}/var'
mandir='${datarootdir}/man'
oldincludedir='/usr/include'
pdfdir='${docdir}'
prefix='/usr/local'
program_transform_name='s,x,x,'
psdir='${docdir}'
sbindir='${exec_prefix}/sbin'
sharedstatedir='${prefix}/com'
sysconfdir='${prefix}/etc'
target_alias=''

## ----------- ##
## confdefs.h. ##
## ----------- ##

#define PACKAGE_NAME ""
#define PACKAGE_TARNAME ""
#define PACKAGE_VERSION ""
#define PACKAGE_STRING ""
#define PACKAGE_BUGREPORT ""
#define inline inline
#define HAVE___ATTRIBUTE__ 1
#define __ATTRIBUTE___FORMAT_OK_FOR_FUNCTION_POINTERS 1
#define STDC_HEADERS 1
#define HAVE_SYS_TYPES_H 1
#define HAVE_SYS_STAT_H 1
#define HAVE_STDLIB_H 1
#define HAVE_STRING_H 1
#define HAVE_MEMORY_H 1
#define HAVE_STRINGS_H 1
#define HAVE_INTTYPES_H 1
#define HAVE_STDINT_H 1
#define HAVE_UNISTD_H 1
#define HAVE_FCNTL_H 1
#define HAVE_NETINET_IF_ETHER_H 1
#define TIME_WITH_SYS_TIME 1
#define TCPDUMP_DO_SMB 1
#define SIZEOF_CHAR 1
#define SIZEOF_SHORT 2
#define SIZEOF_INT 4
#define SIZEOF_LONG 4
#define SIZEOF_LONG_LONG 8
#define HAVE_ADDRINFO 1
#define HAVE_SOCKADDR_STORAGE 1
#define HAVE_INADDRSZ 1
#define HAVE_IN6ADDRSZ 1
#define HAVE_RES_USE_INET6 1
#define HAVE_VFPRINTF 1
#define HAVE_STRCASECMP 1
#define HAVE_STRDUP 1
#define HAVE_STRSEP 1
#define HAVE_STRFTIME 1
#define HAVE_SETLINEBUF 1
#define HAVE_ALARM 1
#define HAVE_VSNPRINTF 1
#define HAVE_SNPRINTF 1
#define RETSIGTYPE void
#define RETSIGVAL
#define HAVE_SIGACTION 1
#define HAVE_GETRPCBYNUMBER 1
#define HAVE_PCAP_LIST_DATALINKS 1
#define HAVE_PCAP_SET_DATALINK 1
#define HAVE_PCAP_DATALINK_NAME_TO_VAL 1
#define HAVE_PCAP_DATALINK_VAL_TO_DESCRIPTION 1
#define HAVE_PCAP_BREAKLOOP 1
#define HAVE_PCAP_DUMP_FTELL 1
#define HAVE_ETHER_NTOHOST 1
#define HAVE_PCAP_CREATE 1
#define HAVE_PCAP_FINDALLDEVS 1
#define HAVE_PCAP_DUMP_FLUSH 1
#define HAVE_PCAP_LIB_VERSION 1
#define HAVE_PCAP_IF_T 1
#define HAVE_BPF_DUMP 1
#define HAVE_PCAP_BLUETOOTH_H 1
#define HAVE_PCAP_USB_H 1
#define HAVE_SYS_BITYPES_H 1
#define HAVE_INTTYPES_H 1
#define LBL_ALIGN 1
#define HAVE_H_ERRNO 1
#define HAVE_OPENSSL_EVP_H 1

configure: exit 0
